2025-10-27 21:10:50,057 - INFO - DataManager initialized with data directory: C:\Users\danny\Desktop\MyApps\File-Explorer\app-code\data
2025-10-27 21:10:50,059 - INFO - Creating new data file: C:\Users\danny\Desktop\MyApps\File-Explorer\app-code\data\favorites.json
2025-10-27 21:10:50,269 - INFO - Creating new data file: C:\Users\danny\Desktop\MyApps\File-Explorer\app-code\data\settings.json
2025-10-27 21:10:50,290 - INFO - Creating new data file: C:\Users\danny\Desktop\MyApps\File-Explorer\app-code\data\history.json
2025-10-27 21:10:50,308 - INFO - Creating new data file: C:\Users\danny\Desktop\MyApps\File-Explorer\app-code\data\bookmarks.json
2025-10-27 21:10:50,330 - INFO - Creating new data file: C:\Users\danny\Desktop\MyApps\File-Explorer\app-code\data\recent_files.json
2025-10-27 21:10:50,348 - INFO - Loading favorites from DataManager
2025-10-27 21:10:50,350 - DEBUG - Read favorites.json: 2 chars
2025-10-27 21:10:50,351 - INFO - Loaded 0 favorites: []
2025-10-27 21:10:50,400 - INFO - === Updating favorites list UI ===
2025-10-27 21:10:50,401 - INFO - Current favorites: []
2025-10-27 21:10:50,402 - INFO - After validation: 0 favorites
2025-10-27 21:10:50,403 - INFO - Sorted favorites: []
2025-10-27 21:10:51,424 - DEBUG - Read history.json: 2 chars
2025-10-27 21:10:51,438 - DEBUG - Created backup: C:\Users\danny\Desktop\MyApps\File-Explorer\app-code\data\history.json.bak
2025-10-27 21:10:51,455 - DEBUG - Navigated to: C:\Users\danny
2025-10-27 21:10:55,043 - DEBUG - Read history.json: 73 chars
2025-10-27 21:10:55,046 - DEBUG - Created backup: C:\Users\danny\Desktop\MyApps\File-Explorer\app-code\data\history.json.bak
2025-10-27 21:10:55,053 - DEBUG - Navigated to: C:\Users\danny\Desktop
2025-10-27 21:10:59,051 - INFO - === Context menu requested ===
2025-10-27 21:10:59,051 - INFO - Index valid: True
2025-10-27 21:10:59,053 - INFO - Context menu for path: C:/Users/danny/Desktop/gitApps
2025-10-27 21:10:59,055 - INFO - Added 'Add to Favorites' action for: C:/Users/danny/Desktop/gitApps
2025-10-27 21:10:59,056 - INFO - Showing context menu
2025-10-27 21:11:00,733 - INFO - === add_to_favorites called ===
2025-10-27 21:11:00,734 - INFO - Input path parameter: C:/Users/danny/Desktop/gitApps
2025-10-27 21:11:00,735 - INFO - Normalized path: C:\Users\danny\Desktop\gitApps
2025-10-27 21:11:00,736 - INFO - Adding favorite: C:\Users\danny\Desktop\gitApps
2025-10-27 21:11:00,738 - DEBUG - Read favorites.json: 2 chars
2025-10-27 21:11:00,743 - DEBUG - Created backup: C:\Users\danny\Desktop\MyApps\File-Explorer\app-code\data\favorites.json.bak
2025-10-27 21:11:00,785 - INFO - Loading favorites from DataManager
2025-10-27 21:11:00,844 - DEBUG - Read favorites.json: 38 chars
2025-10-27 21:11:00,846 - INFO - Loaded 1 favorites: ['C:\\Users\\danny\\Desktop\\gitApps']
2025-10-27 21:11:00,847 - INFO - === Updating favorites list UI ===
2025-10-27 21:11:00,849 - INFO - Current favorites: ['C:\\Users\\danny\\Desktop\\gitApps']
2025-10-27 21:11:00,855 - INFO - After validation: 1 favorites
2025-10-27 21:11:00,856 - INFO - Sorted favorites: ['C:\\Users\\danny\\Desktop\\gitApps']
2025-10-27 21:13:30,010 - INFO - DataManager initialized with data directory: C:\Users\danny\Desktop\MyApps\File-Explorer\app-code\data
2025-10-27 21:13:30,011 - DEBUG - Data file exists: C:\Users\danny\Desktop\MyApps\File-Explorer\app-code\data\favorites.json
2025-10-27 21:13:30,011 - DEBUG - Data file exists: C:\Users\danny\Desktop\MyApps\File-Explorer\app-code\data\settings.json
2025-10-27 21:13:30,012 - DEBUG - Data file exists: C:\Users\danny\Desktop\MyApps\File-Explorer\app-code\data\history.json
2025-10-27 21:13:30,012 - DEBUG - Data file exists: C:\Users\danny\Desktop\MyApps\File-Explorer\app-code\data\bookmarks.json
2025-10-27 21:13:30,013 - DEBUG - Data file exists: C:\Users\danny\Desktop\MyApps\File-Explorer\app-code\data\recent_files.json
2025-10-27 21:13:30,013 - INFO - Loading favorites from DataManager
2025-10-27 21:13:30,014 - DEBUG - Read favorites.json: 38 chars
2025-10-27 21:13:30,015 - INFO - Loaded 1 favorites: ['C:\\Users\\danny\\Desktop\\gitApps']
2025-10-27 21:13:30,029 - INFO - === Updating favorites list UI ===
2025-10-27 21:13:30,029 - INFO - Current favorites: ['C:\\Users\\danny\\Desktop\\gitApps']
2025-10-27 21:13:30,030 - INFO - After validation: 1 favorites
2025-10-27 21:13:30,030 - INFO - Sorted favorites: ['C:\\Users\\danny\\Desktop\\gitApps']
2025-10-27 21:13:31,145 - DEBUG - Read history.json: 155 chars
2025-10-27 21:13:31,149 - DEBUG - Created backup: C:\Users\danny\Desktop\MyApps\File-Explorer\app-code\data\history.json.bak
2025-10-27 21:13:31,153 - INFO - ✅ Wrote history.json: 285 bytes
2025-10-27 21:13:31,153 - DEBUG - Navigated to: C:\Users\danny
2025-10-27 21:13:35,538 - DEBUG - Read history.json: 228 chars
2025-10-27 21:13:35,544 - DEBUG - Created backup: C:\Users\danny\Desktop\MyApps\File-Explorer\app-code\data\history.json.bak
2025-10-27 21:13:35,548 - INFO - ✅ Wrote history.json: 385 bytes
2025-10-27 21:13:35,548 - DEBUG - Navigated to: C:\Users\danny\Desktop
2025-10-27 21:13:38,237 - INFO - === Context menu requested ===
2025-10-27 21:13:38,238 - INFO - Index valid: True
2025-10-27 21:13:38,240 - INFO - Context menu for path: C:/Users/danny/Desktop/MyApps
2025-10-27 21:13:38,241 - INFO - Added 'Add to Favorites' action for: C:/Users/danny/Desktop/MyApps
2025-10-27 21:13:38,243 - INFO - Showing context menu
2025-10-27 21:13:40,042 - INFO - === add_to_favorites called ===
2025-10-27 21:13:40,043 - INFO - Input path parameter: C:/Users/danny/Desktop/MyApps
2025-10-27 21:13:40,044 - INFO - Normalized path: C:\Users\danny\Desktop\MyApps
2025-10-27 21:13:40,045 - INFO - Adding favorite: C:\Users\danny\Desktop\MyApps
2025-10-27 21:13:40,047 - DEBUG - Read favorites.json: 38 chars
2025-10-27 21:13:40,052 - DEBUG - Created backup: C:\Users\danny\Desktop\MyApps\File-Explorer\app-code\data\favorites.json.bak
2025-10-27 21:13:40,056 - INFO - ✅ Wrote favorites.json: 84 bytes
2025-10-27 21:13:40,057 - INFO - ✅ Added favorite: C:\Users\danny\Desktop\MyApps
2025-10-27 21:13:40,058 - INFO - Loading favorites from DataManager
2025-10-27 21:13:40,098 - DEBUG - Read favorites.json: 75 chars
2025-10-27 21:13:40,099 - INFO - Loaded 2 favorites: ['C:\\Users\\danny\\Desktop\\gitApps', 'C:\\Users\\danny\\Desktop\\MyApps']
2025-10-27 21:13:40,100 - INFO - === Updating favorites list UI ===
2025-10-27 21:13:40,100 - INFO - Current favorites: ['C:\\Users\\danny\\Desktop\\gitApps', 'C:\\Users\\danny\\Desktop\\MyApps']
2025-10-27 21:13:40,101 - INFO - After validation: 2 favorites
2025-10-27 21:13:40,102 - INFO - Sorted favorites: ['C:\\Users\\danny\\Desktop\\gitApps', 'C:\\Users\\danny\\Desktop\\MyApps']
2025-10-27 21:13:40,115 - INFO - ⭐ Added to favorites: MyApps
2025-10-27 21:13:43,986 - INFO - === remove_from_favorites called ===
2025-10-27 21:13:43,987 - INFO - Removing path: C:\Users\danny\Desktop\gitApps
2025-10-27 21:13:43,987 - INFO - Removing favorite: C:\Users\danny\Desktop\gitApps
2025-10-27 21:13:43,989 - DEBUG - Read favorites.json: 75 chars
2025-10-27 21:13:43,993 - DEBUG - Created backup: C:\Users\danny\Desktop\MyApps\File-Explorer\app-code\data\favorites.json.bak
2025-10-27 21:13:43,997 - INFO - ✅ Wrote favorites.json: 43 bytes
2025-10-27 21:13:43,998 - INFO - ✅ Removed favorite: C:\Users\danny\Desktop\gitApps
2025-10-27 21:13:43,999 - INFO - Loading favorites from DataManager
2025-10-27 21:13:44,035 - DEBUG - Read favorites.json: 37 chars
2025-10-27 21:13:44,036 - INFO - Loaded 1 favorites: ['C:\\Users\\danny\\Desktop\\MyApps']
2025-10-27 21:13:44,037 - INFO - === Updating favorites list UI ===
2025-10-27 21:13:44,038 - INFO - Current favorites: ['C:\\Users\\danny\\Desktop\\MyApps']
2025-10-27 21:13:44,039 - INFO - After validation: 1 favorites
2025-10-27 21:13:44,040 - INFO - Sorted favorites: ['C:\\Users\\danny\\Desktop\\MyApps']
2025-10-27 21:13:44,048 - INFO - ❌ Removed from favorites: gitApps
2025-10-27 21:13:46,746 - INFO - === Context menu requested ===
2025-10-27 21:13:46,747 - INFO - Index valid: True
2025-10-27 21:13:46,748 - INFO - Context menu for path: C:/Users/danny/Desktop/gitApps
2025-10-27 21:13:46,751 - INFO - Added 'Add to Favorites' action for: C:/Users/danny/Desktop/gitApps
2025-10-27 21:13:46,752 - INFO - Showing context menu
2025-10-27 21:13:48,017 - INFO - === add_to_favorites called ===
2025-10-27 21:13:48,018 - INFO - Input path parameter: C:/Users/danny/Desktop/gitApps
2025-10-27 21:13:48,018 - INFO - Normalized path: C:\Users\danny\Desktop\gitApps
2025-10-27 21:13:48,020 - INFO - Adding favorite: C:\Users\danny\Desktop\gitApps
2025-10-27 21:13:48,022 - DEBUG - Read favorites.json: 37 chars
2025-10-27 21:13:48,026 - DEBUG - Created backup: C:\Users\danny\Desktop\MyApps\File-Explorer\app-code\data\favorites.json.bak
2025-10-27 21:13:48,031 - INFO - ✅ Wrote favorites.json: 84 bytes
2025-10-27 21:13:48,032 - INFO - ✅ Added favorite: C:\Users\danny\Desktop\gitApps
2025-10-27 21:13:48,033 - INFO - Loading favorites from DataManager
2025-10-27 21:13:48,073 - DEBUG - Read favorites.json: 75 chars
2025-10-27 21:13:48,075 - INFO - Loaded 2 favorites: ['C:\\Users\\danny\\Desktop\\MyApps', 'C:\\Users\\danny\\Desktop\\gitApps']
2025-10-27 21:13:48,075 - INFO - === Updating favorites list UI ===
2025-10-27 21:13:48,076 - INFO - Current favorites: ['C:\\Users\\danny\\Desktop\\MyApps', 'C:\\Users\\danny\\Desktop\\gitApps']
2025-10-27 21:13:48,077 - INFO - After validation: 2 favorites
2025-10-27 21:13:48,078 - INFO - Sorted favorites: ['C:\\Users\\danny\\Desktop\\gitApps', 'C:\\Users\\danny\\Desktop\\MyApps']
2025-10-27 21:13:48,089 - INFO - ⭐ Added to favorites: gitApps
2025-10-27 21:14:08,710 - DEBUG - Read history.json: 310 chars
2025-10-27 21:14:08,715 - DEBUG - Created backup: C:\Users\danny\Desktop\MyApps\File-Explorer\app-code\data\history.json.bak
2025-10-27 21:14:08,719 - INFO - ✅ Wrote history.json: 494 bytes
2025-10-27 21:14:08,720 - DEBUG - Navigated to: C:\Users\danny\Desktop\gitApps
2025-10-27 21:14:10,021 - DEBUG - Read history.json: 401 chars
2025-10-27 21:14:10,026 - DEBUG - Created backup: C:\Users\danny\Desktop\MyApps\File-Explorer\app-code\data\history.json.bak
2025-10-27 21:14:10,030 - INFO - ✅ Wrote history.json: 602 bytes
2025-10-27 21:14:10,031 - DEBUG - Navigated to: C:\Users\danny\Desktop\MyApps
2025-10-27 21:14:12,089 - DEBUG - Read history.json: 491 chars
2025-10-27 21:14:12,094 - DEBUG - Created backup: C:\Users\danny\Desktop\MyApps\File-Explorer\app-code\data\history.json.bak
2025-10-27 21:14:12,099 - INFO - ✅ Wrote history.json: 702 bytes
2025-10-27 21:14:12,100 - DEBUG - Navigated to: C:\Users\danny\Desktop
2025-10-27 21:14:12,660 - DEBUG - Read history.json: 573 chars
2025-10-27 21:14:12,663 - DEBUG - Created backup: C:\Users\danny\Desktop\MyApps\File-Explorer\app-code\data\history.json.bak
2025-10-27 21:14:12,666 - INFO - ✅ Wrote history.json: 793 bytes
2025-10-27 21:14:12,666 - DEBUG - Navigated to: C:\Users\danny
2025-10-27 21:18:03,467 - INFO - DataManager initialized with data directory: C:\Users\danny\Desktop\MyApps\File-Explorer\app-code\data
2025-10-27 21:18:03,468 - DEBUG - Data file exists: C:\Users\danny\Desktop\MyApps\File-Explorer\app-code\data\favorites.json
2025-10-27 21:18:03,469 - DEBUG - Data file exists: C:\Users\danny\Desktop\MyApps\File-Explorer\app-code\data\settings.json
2025-10-27 21:18:03,470 - DEBUG - Data file exists: C:\Users\danny\Desktop\MyApps\File-Explorer\app-code\data\history.json
2025-10-27 21:18:03,471 - DEBUG - Data file exists: C:\Users\danny\Desktop\MyApps\File-Explorer\app-code\data\bookmarks.json
2025-10-27 21:18:03,472 - DEBUG - Data file exists: C:\Users\danny\Desktop\MyApps\File-Explorer\app-code\data\recent_files.json
2025-10-27 21:18:03,473 - INFO - Loading favorites from DataManager
2025-10-27 21:18:03,475 - DEBUG - Read favorites.json: 75 chars
2025-10-27 21:18:03,476 - INFO - Loaded 2 favorites: ['C:\\Users\\danny\\Desktop\\MyApps', 'C:\\Users\\danny\\Desktop\\gitApps']
2025-10-27 21:18:03,523 - INFO - === Updating favorites list UI ===
2025-10-27 21:18:03,524 - INFO - Current favorites: ['C:\\Users\\danny\\Desktop\\MyApps', 'C:\\Users\\danny\\Desktop\\gitApps']
2025-10-27 21:18:03,525 - INFO - After validation: 2 favorites
2025-10-27 21:18:03,525 - INFO - Sorted favorites: ['C:\\Users\\danny\\Desktop\\gitApps', 'C:\\Users\\danny\\Desktop\\MyApps']
2025-10-27 21:18:03,540 - INFO - Favorites UI updated with 2 items
2025-10-27 21:18:05,345 - DEBUG - Read history.json: 646 chars
2025-10-27 21:18:05,353 - DEBUG - Created backup: C:\Users\danny\Desktop\MyApps\File-Explorer\app-code\data\history.json.bak
2025-10-27 21:18:05,358 - INFO - ✅ Wrote history.json: 884 bytes
2025-10-27 21:18:05,359 - DEBUG - Navigated to: C:\Users\danny
2025-10-27 21:20:10,661 - INFO - DataManager initialized with data directory: C:\Users\danny\Desktop\MyApps\File-Explorer\app-code\data
2025-10-27 21:20:10,662 - DEBUG - Data file exists: C:\Users\danny\Desktop\MyApps\File-Explorer\app-code\data\favorites.json
2025-10-27 21:20:10,663 - DEBUG - Data file exists: C:\Users\danny\Desktop\MyApps\File-Explorer\app-code\data\settings.json
2025-10-27 21:20:10,664 - DEBUG - Data file exists: C:\Users\danny\Desktop\MyApps\File-Explorer\app-code\data\history.json
2025-10-27 21:20:10,665 - DEBUG - Data file exists: C:\Users\danny\Desktop\MyApps\File-Explorer\app-code\data\bookmarks.json
2025-10-27 21:20:10,666 - DEBUG - Data file exists: C:\Users\danny\Desktop\MyApps\File-Explorer\app-code\data\recent_files.json
2025-10-27 21:20:10,667 - INFO - Loading favorites from DataManager
2025-10-27 21:20:10,668 - DEBUG - Read favorites.json: 75 chars
2025-10-27 21:20:10,669 - INFO - Loaded 2 favorites: ['C:\\Users\\danny\\Desktop\\MyApps', 'C:\\Users\\danny\\Desktop\\gitApps']
2025-10-27 21:20:10,704 - INFO - === Updating favorites list UI ===
2025-10-27 21:20:10,706 - INFO - Current favorites: ['C:\\Users\\danny\\Desktop\\MyApps', 'C:\\Users\\danny\\Desktop\\gitApps']
2025-10-27 21:20:10,706 - INFO - After validation: 2 favorites
2025-10-27 21:20:10,707 - INFO - Sorted favorites: ['C:\\Users\\danny\\Desktop\\gitApps', 'C:\\Users\\danny\\Desktop\\MyApps']
2025-10-27 21:20:10,717 - INFO - Favorites UI updated with 2 items
2025-10-27 21:20:12,481 - DEBUG - Read history.json: 719 chars
2025-10-27 21:20:12,484 - DEBUG - Created backup: C:\Users\danny\Desktop\MyApps\File-Explorer\app-code\data\history.json.bak
2025-10-27 21:20:12,486 - INFO - ✅ Wrote history.json: 975 bytes
2025-10-27 21:20:12,486 - DEBUG - Navigated to: C:\Users\danny
2025-10-27 21:20:16,738 - INFO - === remove_from_favorites called ===
2025-10-27 21:20:16,739 - INFO - Removing path: C:\Users\danny\Desktop\gitApps
2025-10-27 21:20:16,739 - INFO - Removing favorite: C:\Users\danny\Desktop\gitApps
2025-10-27 21:20:16,742 - DEBUG - Read favorites.json: 75 chars
2025-10-27 21:20:16,747 - DEBUG - Created backup: C:\Users\danny\Desktop\MyApps\File-Explorer\app-code\data\favorites.json.bak
2025-10-27 21:20:16,752 - INFO - ✅ Wrote favorites.json: 43 bytes
2025-10-27 21:20:16,753 - INFO - ✅ Removed favorite: C:\Users\danny\Desktop\gitApps
2025-10-27 21:20:16,754 - INFO - Loading favorites from DataManager
2025-10-27 21:20:16,761 - DEBUG - Read favorites.json: 37 chars
2025-10-27 21:20:16,762 - INFO - Loaded 1 favorites: ['C:\\Users\\danny\\Desktop\\MyApps']
2025-10-27 21:20:16,763 - INFO - === Updating favorites list UI ===
2025-10-27 21:20:16,764 - INFO - Current favorites: ['C:\\Users\\danny\\Desktop\\MyApps']
2025-10-27 21:20:16,765 - INFO - After validation: 1 favorites
2025-10-27 21:20:16,767 - INFO - Sorted favorites: ['C:\\Users\\danny\\Desktop\\MyApps']
2025-10-27 21:20:16,779 - INFO - Favorites UI updated with 1 items
2025-10-27 21:20:16,780 - INFO - ❌ Removed from favorites: gitApps
2025-10-27 21:20:17,704 - INFO - === remove_from_favorites called ===
2025-10-27 21:20:17,705 - INFO - Removing path: C:\Users\danny\Desktop\MyApps
2025-10-27 21:20:17,705 - INFO - Removing favorite: C:\Users\danny\Desktop\MyApps
2025-10-27 21:20:17,708 - DEBUG - Read favorites.json: 37 chars
2025-10-27 21:20:17,713 - DEBUG - Created backup: C:\Users\danny\Desktop\MyApps\File-Explorer\app-code\data\favorites.json.bak
2025-10-27 21:20:17,718 - INFO - ✅ Wrote favorites.json: 2 bytes
2025-10-27 21:20:17,719 - INFO - ✅ Removed favorite: C:\Users\danny\Desktop\MyApps
2025-10-27 21:20:17,719 - INFO - Loading favorites from DataManager
2025-10-27 21:20:17,722 - DEBUG - Read favorites.json: 2 chars
2025-10-27 21:20:17,723 - INFO - Loaded 0 favorites: []
2025-10-27 21:20:17,724 - INFO - === Updating favorites list UI ===
2025-10-27 21:20:17,725 - INFO - Current favorites: []
2025-10-27 21:20:17,726 - INFO - After validation: 0 favorites
2025-10-27 21:20:17,727 - INFO - Sorted favorites: []
2025-10-27 21:20:17,730 - INFO - Favorites UI updated with 0 items
2025-10-27 21:20:17,732 - INFO - ❌ Removed from favorites: MyApps
2025-10-27 21:20:19,943 - DEBUG - Read history.json: 792 chars
2025-10-27 21:20:19,948 - DEBUG - Created backup: C:\Users\danny\Desktop\MyApps\File-Explorer\app-code\data\history.json.bak
2025-10-27 21:20:19,954 - INFO - ✅ Wrote history.json: 1075 bytes
2025-10-27 21:20:19,955 - DEBUG - Navigated to: C:\Users\danny\Desktop
2025-10-27 21:20:22,537 - INFO - === Context menu requested ===
2025-10-27 21:20:22,538 - INFO - Index valid: True
2025-10-27 21:20:22,540 - INFO - Context menu for path: C:/Users/danny/Desktop/gitApps
2025-10-27 21:20:22,543 - INFO - Added 'Add to Favorites' action for: C:/Users/danny/Desktop/gitApps
2025-10-27 21:20:22,544 - INFO - Showing context menu
2025-10-27 21:20:24,005 - INFO - === add_to_favorites called ===
2025-10-27 21:20:24,006 - INFO - Input path parameter: C:/Users/danny/Desktop/gitApps
2025-10-27 21:20:24,008 - INFO - Normalized path: C:\Users\danny\Desktop\gitApps
2025-10-27 21:20:24,009 - INFO - Adding favorite: C:\Users\danny\Desktop\gitApps
2025-10-27 21:20:24,011 - DEBUG - Read favorites.json: 2 chars
2025-10-27 21:20:24,016 - DEBUG - Created backup: C:\Users\danny\Desktop\MyApps\File-Explorer\app-code\data\favorites.json.bak
2025-10-27 21:20:24,022 - INFO - ✅ Wrote favorites.json: 44 bytes
2025-10-27 21:20:24,023 - INFO - ✅ Added favorite: C:\Users\danny\Desktop\gitApps
2025-10-27 21:20:24,023 - INFO - Loading favorites from DataManager
2025-10-27 21:20:24,032 - DEBUG - Read favorites.json: 38 chars
2025-10-27 21:20:24,034 - INFO - Loaded 1 favorites: ['C:\\Users\\danny\\Desktop\\gitApps']
2025-10-27 21:20:24,035 - INFO - === Updating favorites list UI ===
2025-10-27 21:20:24,036 - INFO - Current favorites: ['C:\\Users\\danny\\Desktop\\gitApps']
2025-10-27 21:20:24,037 - INFO - After validation: 1 favorites
2025-10-27 21:20:24,037 - INFO - Sorted favorites: ['C:\\Users\\danny\\Desktop\\gitApps']
2025-10-27 21:20:24,045 - INFO - Favorites UI updated with 1 items
2025-10-27 21:20:24,046 - INFO - ⭐ Added to favorites: gitApps
2025-10-27 21:20:29,154 - INFO - === Context menu requested ===
2025-10-27 21:20:29,156 - INFO - Index valid: True
2025-10-27 21:20:29,157 - INFO - Context menu for path: C:/Users/danny/Desktop/MyApps
2025-10-27 21:20:29,159 - INFO - Added 'Add to Favorites' action for: C:/Users/danny/Desktop/MyApps
2025-10-27 21:20:29,160 - INFO - Showing context menu
2025-10-27 21:20:31,287 - INFO - === add_to_favorites called ===
2025-10-27 21:20:31,288 - INFO - Input path parameter: C:/Users/danny/Desktop/MyApps
2025-10-27 21:20:31,289 - INFO - Normalized path: C:\Users\danny\Desktop\MyApps
2025-10-27 21:20:31,290 - INFO - Adding favorite: C:\Users\danny\Desktop\MyApps
2025-10-27 21:20:31,292 - DEBUG - Read favorites.json: 38 chars
2025-10-27 21:20:31,298 - DEBUG - Created backup: C:\Users\danny\Desktop\MyApps\File-Explorer\app-code\data\favorites.json.bak
2025-10-27 21:20:31,303 - INFO - ✅ Wrote favorites.json: 84 bytes
2025-10-27 21:20:31,304 - INFO - ✅ Added favorite: C:\Users\danny\Desktop\MyApps
2025-10-27 21:20:31,305 - INFO - Loading favorites from DataManager
2025-10-27 21:20:31,314 - DEBUG - Read favorites.json: 75 chars
2025-10-27 21:20:31,316 - INFO - Loaded 2 favorites: ['C:\\Users\\danny\\Desktop\\gitApps', 'C:\\Users\\danny\\Desktop\\MyApps']
2025-10-27 21:20:31,317 - INFO - === Updating favorites list UI ===
2025-10-27 21:20:31,318 - INFO - Current favorites: ['C:\\Users\\danny\\Desktop\\gitApps', 'C:\\Users\\danny\\Desktop\\MyApps']
2025-10-27 21:20:31,319 - INFO - After validation: 2 favorites
2025-10-27 21:20:31,320 - INFO - Sorted favorites: ['C:\\Users\\danny\\Desktop\\gitApps', 'C:\\Users\\danny\\Desktop\\MyApps']
2025-10-27 21:20:31,337 - INFO - Favorites UI updated with 2 items
2025-10-27 21:20:31,339 - INFO - ⭐ Added to favorites: MyApps
2025-10-27 21:20:34,425 - INFO - === Context menu requested ===
2025-10-27 21:20:34,426 - INFO - Index valid: True
2025-10-27 21:20:34,426 - INFO - Context menu for path: C:/Users/danny/Desktop/Override-OG-Developer-Edition
2025-10-27 21:20:34,427 - INFO - Added 'Add to Favorites' action for: C:/Users/danny/Desktop/Override-OG-Developer-Edition
2025-10-27 21:20:34,428 - INFO - Showing context menu
2025-10-27 21:20:35,827 - INFO - === add_to_favorites called ===
2025-10-27 21:20:35,829 - INFO - Input path parameter: C:/Users/danny/Desktop/Override-OG-Developer-Edition
2025-10-27 21:20:35,830 - INFO - Normalized path: C:\Users\danny\Desktop\Override-OG-Developer-Edition
2025-10-27 21:20:35,831 - INFO - Adding favorite: C:\Users\danny\Desktop\Override-OG-Developer-Edition
2025-10-27 21:20:35,833 - DEBUG - Read favorites.json: 75 chars
2025-10-27 21:20:35,839 - DEBUG - Created backup: C:\Users\danny\Desktop\MyApps\File-Explorer\app-code\data\favorites.json.bak
2025-10-27 21:20:35,845 - INFO - ✅ Wrote favorites.json: 147 bytes
2025-10-27 21:20:35,846 - INFO - ✅ Added favorite: C:\Users\danny\Desktop\Override-OG-Developer-Edition
2025-10-27 21:20:35,847 - INFO - Loading favorites from DataManager
2025-10-27 21:20:35,903 - DEBUG - Read favorites.json: 135 chars
2025-10-27 21:20:35,905 - INFO - Loaded 3 favorites: ['C:\\Users\\danny\\Desktop\\gitApps', 'C:\\Users\\danny\\Desktop\\MyApps', 'C:\\Users\\danny\\Desktop\\Override-OG-Developer-Edition']
2025-10-27 21:20:35,906 - INFO - === Updating favorites list UI ===
2025-10-27 21:20:35,907 - INFO - Current favorites: ['C:\\Users\\danny\\Desktop\\gitApps', 'C:\\Users\\danny\\Desktop\\MyApps', 'C:\\Users\\danny\\Desktop\\Override-OG-Developer-Edition']
2025-10-27 21:20:35,908 - INFO - After validation: 3 favorites
2025-10-27 21:20:35,910 - INFO - Sorted favorites: ['C:\\Users\\danny\\Desktop\\gitApps', 'C:\\Users\\danny\\Desktop\\MyApps', 'C:\\Users\\danny\\Desktop\\Override-OG-Developer-Edition']
2025-10-27 21:20:35,936 - INFO - Favorites UI updated with 3 items
2025-10-27 21:20:35,938 - INFO - ⭐ Added to favorites: Override-OG-Developer-Edition
2025-10-27 21:20:39,144 - INFO - === Context menu requested ===
2025-10-27 21:20:39,145 - INFO - Index valid: True
2025-10-27 21:20:39,147 - INFO - Context menu for path: C:/Users/danny/Desktop/Power Options
2025-10-27 21:20:39,148 - INFO - Added 'Add to Favorites' action for: C:/Users/danny/Desktop/Power Options
2025-10-27 21:20:39,152 - INFO - Showing context menu
2025-10-27 21:20:40,429 - INFO - === add_to_favorites called ===
2025-10-27 21:20:40,430 - INFO - Input path parameter: C:/Users/danny/Desktop/Power Options
2025-10-27 21:20:40,432 - INFO - Normalized path: C:\Users\danny\Desktop\Power Options
2025-10-27 21:20:40,433 - INFO - Adding favorite: C:\Users\danny\Desktop\Power Options
2025-10-27 21:20:40,435 - DEBUG - Read favorites.json: 135 chars
2025-10-27 21:20:40,440 - DEBUG - Created backup: C:\Users\danny\Desktop\MyApps\File-Explorer\app-code\data\favorites.json.bak
2025-10-27 21:20:40,447 - INFO - ✅ Wrote favorites.json: 194 bytes
2025-10-27 21:20:40,448 - INFO - ✅ Added favorite: C:\Users\danny\Desktop\Power Options
2025-10-27 21:20:40,449 - INFO - Loading favorites from DataManager
2025-10-27 21:20:40,497 - DEBUG - Read favorites.json: 179 chars
2025-10-27 21:20:40,499 - INFO - Loaded 4 favorites: ['C:\\Users\\danny\\Desktop\\gitApps', 'C:\\Users\\danny\\Desktop\\MyApps', 'C:\\Users\\danny\\Desktop\\Override-OG-Developer-Edition', 'C:\\Users\\danny\\Desktop\\Power Options']
2025-10-27 21:20:40,501 - INFO - === Updating favorites list UI ===
2025-10-27 21:20:40,504 - INFO - Current favorites: ['C:\\Users\\danny\\Desktop\\gitApps', 'C:\\Users\\danny\\Desktop\\MyApps', 'C:\\Users\\danny\\Desktop\\Override-OG-Developer-Edition', 'C:\\Users\\danny\\Desktop\\Power Options']
2025-10-27 21:20:40,506 - INFO - After validation: 4 favorites
2025-10-27 21:20:40,507 - INFO - Sorted favorites: ['C:\\Users\\danny\\Desktop\\gitApps', 'C:\\Users\\danny\\Desktop\\MyApps', 'C:\\Users\\danny\\Desktop\\Override-OG-Developer-Edition', 'C:\\Users\\danny\\Desktop\\Power Options']
2025-10-27 21:20:40,536 - INFO - Favorites UI updated with 4 items
2025-10-27 21:20:40,538 - INFO - ⭐ Added to favorites: Power Options
2025-10-27 21:20:44,350 - INFO - === Context menu requested ===
2025-10-27 21:20:44,351 - INFO - Index valid: True
2025-10-27 21:20:44,352 - INFO - Context menu for path: C:/Users/danny/Desktop/coding
2025-10-27 21:20:44,353 - INFO - Added 'Add to Favorites' action for: C:/Users/danny/Desktop/coding
2025-10-27 21:20:44,354 - INFO - Showing context menu
2025-10-27 21:20:45,578 - INFO - === add_to_favorites called ===
2025-10-27 21:20:45,578 - INFO - Input path parameter: C:/Users/danny/Desktop/coding
2025-10-27 21:20:45,579 - INFO - Normalized path: C:\Users\danny\Desktop\coding
2025-10-27 21:20:45,579 - INFO - Adding favorite: C:\Users\danny\Desktop\coding
2025-10-27 21:20:45,580 - DEBUG - Read favorites.json: 179 chars
2025-10-27 21:20:45,585 - DEBUG - Created backup: C:\Users\danny\Desktop\MyApps\File-Explorer\app-code\data\favorites.json.bak
2025-10-27 21:20:45,588 - INFO - ✅ Wrote favorites.json: 234 bytes
2025-10-27 21:20:45,589 - INFO - ✅ Added favorite: C:\Users\danny\Desktop\coding
2025-10-27 21:20:45,592 - INFO - Loading favorites from DataManager
2025-10-27 21:20:45,625 - DEBUG - Read favorites.json: 216 chars
2025-10-27 21:20:45,625 - INFO - Loaded 5 favorites: ['C:\\Users\\danny\\Desktop\\gitApps', 'C:\\Users\\danny\\Desktop\\MyApps', 'C:\\Users\\danny\\Desktop\\Override-OG-Developer-Edition', 'C:\\Users\\danny\\Desktop\\Power Options', 'C:\\Users\\danny\\Desktop\\coding']
2025-10-27 21:20:45,626 - INFO - === Updating favorites list UI ===
2025-10-27 21:20:45,626 - INFO - Current favorites: ['C:\\Users\\danny\\Desktop\\gitApps', 'C:\\Users\\danny\\Desktop\\MyApps', 'C:\\Users\\danny\\Desktop\\Override-OG-Developer-Edition', 'C:\\Users\\danny\\Desktop\\Power Options', 'C:\\Users\\danny\\Desktop\\coding']
2025-10-27 21:20:45,627 - INFO - After validation: 5 favorites
2025-10-27 21:20:45,627 - INFO - Sorted favorites: ['C:\\Users\\danny\\Desktop\\coding', 'C:\\Users\\danny\\Desktop\\gitApps', 'C:\\Users\\danny\\Desktop\\MyApps', 'C:\\Users\\danny\\Desktop\\Override-OG-Developer-Edition', 'C:\\Users\\danny\\Desktop\\Power Options']
2025-10-27 21:20:45,652 - INFO - Favorites UI updated with 5 items
2025-10-27 21:20:45,652 - INFO - ⭐ Added to favorites: coding
2025-10-27 21:20:47,824 - INFO - === Context menu requested ===
2025-10-27 21:20:47,824 - INFO - Index valid: True
2025-10-27 21:20:47,825 - INFO - Context menu for path: C:/Users/danny/Desktop/Internet Browsers
2025-10-27 21:20:47,826 - INFO - Added 'Add to Favorites' action for: C:/Users/danny/Desktop/Internet Browsers
2025-10-27 21:20:47,826 - INFO - Showing context menu
2025-10-27 21:20:49,108 - INFO - === add_to_favorites called ===
2025-10-27 21:20:49,109 - INFO - Input path parameter: C:/Users/danny/Desktop/Internet Browsers
2025-10-27 21:20:49,109 - INFO - Normalized path: C:\Users\danny\Desktop\Internet Browsers
2025-10-27 21:20:49,110 - INFO - Adding favorite: C:\Users\danny\Desktop\Internet Browsers
2025-10-27 21:20:49,111 - DEBUG - Read favorites.json: 216 chars
2025-10-27 21:20:49,114 - DEBUG - Created backup: C:\Users\danny\Desktop\MyApps\File-Explorer\app-code\data\favorites.json.bak
2025-10-27 21:20:49,118 - INFO - ✅ Wrote favorites.json: 285 bytes
2025-10-27 21:20:49,120 - INFO - ✅ Added favorite: C:\Users\danny\Desktop\Internet Browsers
2025-10-27 21:20:49,121 - INFO - Loading favorites from DataManager
2025-10-27 21:20:49,152 - DEBUG - Read favorites.json: 264 chars
2025-10-27 21:20:49,153 - INFO - Loaded 6 favorites: ['C:\\Users\\danny\\Desktop\\gitApps', 'C:\\Users\\danny\\Desktop\\MyApps', 'C:\\Users\\danny\\Desktop\\Override-OG-Developer-Edition', 'C:\\Users\\danny\\Desktop\\Power Options', 'C:\\Users\\danny\\Desktop\\coding', 'C:\\Users\\danny\\Desktop\\Internet Browsers']
2025-10-27 21:20:49,155 - INFO - === Updating favorites list UI ===
2025-10-27 21:20:49,155 - INFO - Current favorites: ['C:\\Users\\danny\\Desktop\\gitApps', 'C:\\Users\\danny\\Desktop\\MyApps', 'C:\\Users\\danny\\Desktop\\Override-OG-Developer-Edition', 'C:\\Users\\danny\\Desktop\\Power Options', 'C:\\Users\\danny\\Desktop\\coding', 'C:\\Users\\danny\\Desktop\\Internet Browsers']
2025-10-27 21:20:49,156 - INFO - After validation: 6 favorites
2025-10-27 21:20:49,157 - INFO - Sorted favorites: ['C:\\Users\\danny\\Desktop\\coding', 'C:\\Users\\danny\\Desktop\\gitApps', 'C:\\Users\\danny\\Desktop\\Internet Browsers', 'C:\\Users\\danny\\Desktop\\MyApps', 'C:\\Users\\danny\\Desktop\\Override-OG-Developer-Edition', 'C:\\Users\\danny\\Desktop\\Power Options']
2025-10-27 21:20:49,178 - INFO - Favorites UI updated with 6 items
2025-10-27 21:20:49,178 - INFO - ⭐ Added to favorites: Internet Browsers
2025-10-27 21:20:55,253 - INFO - === Context menu requested ===
2025-10-27 21:20:55,254 - INFO - Index valid: True
2025-10-27 21:20:55,255 - INFO - Context menu for path: C:/Users/danny/Desktop/Rocket League®.url
2025-10-27 21:20:55,256 - INFO - Added 'Add to Favorites' action for: C:/Users/danny/Desktop/Rocket League®.url
2025-10-27 21:20:55,257 - INFO - Showing context menu
2025-10-27 21:20:57,019 - INFO - === add_to_favorites called ===
2025-10-27 21:20:57,020 - INFO - Input path parameter: C:/Users/danny/Desktop/Rocket League®.url
2025-10-27 21:20:57,020 - INFO - Normalized path: C:\Users\danny\Desktop\Rocket League®.url
2025-10-27 21:20:57,022 - INFO - Adding favorite: C:\Users\danny\Desktop\Rocket League®.url
2025-10-27 21:20:57,023 - DEBUG - Read favorites.json: 264 chars
2025-10-27 21:20:57,028 - DEBUG - Created backup: C:\Users\danny\Desktop\MyApps\File-Explorer\app-code\data\favorites.json.bak
2025-10-27 21:20:57,034 - INFO - ✅ Wrote favorites.json: 338 bytes
2025-10-27 21:20:57,035 - INFO - ✅ Added favorite: C:\Users\danny\Desktop\Rocket League®.url
2025-10-27 21:20:57,036 - INFO - Loading favorites from DataManager
2025-10-27 21:20:57,083 - DEBUG - Read favorites.json: 313 chars
2025-10-27 21:20:57,084 - INFO - Loaded 7 favorites: ['C:\\Users\\danny\\Desktop\\gitApps', 'C:\\Users\\danny\\Desktop\\MyApps', 'C:\\Users\\danny\\Desktop\\Override-OG-Developer-Edition', 'C:\\Users\\danny\\Desktop\\Power Options', 'C:\\Users\\danny\\Desktop\\coding', 'C:\\Users\\danny\\Desktop\\Internet Browsers', 'C:\\Users\\danny\\Desktop\\Rocket League®.url']
2025-10-27 21:20:57,085 - INFO - === Updating favorites list UI ===
2025-10-27 21:20:57,086 - INFO - Current favorites: ['C:\\Users\\danny\\Desktop\\gitApps', 'C:\\Users\\danny\\Desktop\\MyApps', 'C:\\Users\\danny\\Desktop\\Override-OG-Developer-Edition', 'C:\\Users\\danny\\Desktop\\Power Options', 'C:\\Users\\danny\\Desktop\\coding', 'C:\\Users\\danny\\Desktop\\Internet Browsers', 'C:\\Users\\danny\\Desktop\\Rocket League®.url']
2025-10-27 21:20:57,087 - INFO - After validation: 7 favorites
2025-10-27 21:20:57,088 - INFO - Sorted favorites: ['C:\\Users\\danny\\Desktop\\coding', 'C:\\Users\\danny\\Desktop\\gitApps', 'C:\\Users\\danny\\Desktop\\Internet Browsers', 'C:\\Users\\danny\\Desktop\\MyApps', 'C:\\Users\\danny\\Desktop\\Override-OG-Developer-Edition', 'C:\\Users\\danny\\Desktop\\Power Options', 'C:\\Users\\danny\\Desktop\\Rocket League®.url']
2025-10-27 21:20:57,138 - INFO - Favorites UI updated with 7 items
2025-10-27 21:20:57,139 - INFO - ⭐ Added to favorites: Rocket League®.url
2025-10-27 21:21:02,140 - INFO - === Context menu requested ===
2025-10-27 21:21:02,141 - INFO - Index valid: True
2025-10-27 21:21:02,142 - INFO - Context menu for path: C:/Users/danny/Desktop/System Info.bat
2025-10-27 21:21:02,144 - INFO - Added 'Add to Favorites' action for: C:/Users/danny/Desktop/System Info.bat
2025-10-27 21:21:02,146 - INFO - Showing context menu
2025-10-27 21:21:03,509 - INFO - === add_to_favorites called ===
2025-10-27 21:21:03,510 - INFO - Input path parameter: C:/Users/danny/Desktop/System Info.bat
2025-10-27 21:21:03,511 - INFO - Normalized path: C:\Users\danny\Desktop\System Info.bat
2025-10-27 21:21:03,513 - INFO - Adding favorite: C:\Users\danny\Desktop\System Info.bat
2025-10-27 21:21:03,515 - DEBUG - Read favorites.json: 313 chars
2025-10-27 21:21:03,521 - DEBUG - Created backup: C:\Users\danny\Desktop\MyApps\File-Explorer\app-code\data\favorites.json.bak
2025-10-27 21:21:03,527 - INFO - ✅ Wrote favorites.json: 387 bytes
2025-10-27 21:21:03,528 - INFO - ✅ Added favorite: C:\Users\danny\Desktop\System Info.bat
2025-10-27 21:21:03,529 - INFO - Loading favorites from DataManager
2025-10-27 21:21:03,582 - DEBUG - Read favorites.json: 359 chars
2025-10-27 21:21:03,584 - INFO - Loaded 8 favorites: ['C:\\Users\\danny\\Desktop\\gitApps', 'C:\\Users\\danny\\Desktop\\MyApps', 'C:\\Users\\danny\\Desktop\\Override-OG-Developer-Edition', 'C:\\Users\\danny\\Desktop\\Power Options', 'C:\\Users\\danny\\Desktop\\coding', 'C:\\Users\\danny\\Desktop\\Internet Browsers', 'C:\\Users\\danny\\Desktop\\Rocket League®.url', 'C:\\Users\\danny\\Desktop\\System Info.bat']
2025-10-27 21:21:03,585 - INFO - === Updating favorites list UI ===
2025-10-27 21:21:03,586 - INFO - Current favorites: ['C:\\Users\\danny\\Desktop\\gitApps', 'C:\\Users\\danny\\Desktop\\MyApps', 'C:\\Users\\danny\\Desktop\\Override-OG-Developer-Edition', 'C:\\Users\\danny\\Desktop\\Power Options', 'C:\\Users\\danny\\Desktop\\coding', 'C:\\Users\\danny\\Desktop\\Internet Browsers', 'C:\\Users\\danny\\Desktop\\Rocket League®.url', 'C:\\Users\\danny\\Desktop\\System Info.bat']
2025-10-27 21:21:03,587 - INFO - After validation: 8 favorites
2025-10-27 21:21:03,588 - INFO - Sorted favorites: ['C:\\Users\\danny\\Desktop\\coding', 'C:\\Users\\danny\\Desktop\\gitApps', 'C:\\Users\\danny\\Desktop\\Internet Browsers', 'C:\\Users\\danny\\Desktop\\MyApps', 'C:\\Users\\danny\\Desktop\\Override-OG-Developer-Edition', 'C:\\Users\\danny\\Desktop\\Power Options', 'C:\\Users\\danny\\Desktop\\Rocket League®.url', 'C:\\Users\\danny\\Desktop\\System Info.bat']
2025-10-27 21:21:03,656 - INFO - Favorites UI updated with 8 items
2025-10-27 21:21:03,657 - INFO - ⭐ Added to favorites: System Info.bat
2025-10-27 21:21:09,275 - INFO - === remove_from_favorites called ===
2025-10-27 21:21:09,276 - INFO - Removing path: C:\Users\danny\Desktop\System Info.bat
2025-10-27 21:21:09,276 - INFO - Removing favorite: C:\Users\danny\Desktop\System Info.bat
2025-10-27 21:21:09,277 - DEBUG - Read favorites.json: 359 chars
2025-10-27 21:21:09,279 - DEBUG - Created backup: C:\Users\danny\Desktop\MyApps\File-Explorer\app-code\data\favorites.json.bak
2025-10-27 21:21:09,282 - INFO - ✅ Wrote favorites.json: 338 bytes
2025-10-27 21:21:09,283 - INFO - ✅ Removed favorite: C:\Users\danny\Desktop\System Info.bat
2025-10-27 21:21:09,283 - INFO - Loading favorites from DataManager
2025-10-27 21:21:09,287 - DEBUG - Read favorites.json: 313 chars
2025-10-27 21:21:09,287 - INFO - Loaded 7 favorites: ['C:\\Users\\danny\\Desktop\\gitApps', 'C:\\Users\\danny\\Desktop\\MyApps', 'C:\\Users\\danny\\Desktop\\Override-OG-Developer-Edition', 'C:\\Users\\danny\\Desktop\\Power Options', 'C:\\Users\\danny\\Desktop\\coding', 'C:\\Users\\danny\\Desktop\\Internet Browsers', 'C:\\Users\\danny\\Desktop\\Rocket League®.url']
2025-10-27 21:21:09,288 - INFO - === Updating favorites list UI ===
2025-10-27 21:21:09,288 - INFO - Current favorites: ['C:\\Users\\danny\\Desktop\\gitApps', 'C:\\Users\\danny\\Desktop\\MyApps', 'C:\\Users\\danny\\Desktop\\Override-OG-Developer-Edition', 'C:\\Users\\danny\\Desktop\\Power Options', 'C:\\Users\\danny\\Desktop\\coding', 'C:\\Users\\danny\\Desktop\\Internet Browsers', 'C:\\Users\\danny\\Desktop\\Rocket League®.url']
2025-10-27 21:21:09,289 - INFO - After validation: 7 favorites
2025-10-27 21:21:09,290 - INFO - Sorted favorites: ['C:\\Users\\danny\\Desktop\\coding', 'C:\\Users\\danny\\Desktop\\gitApps', 'C:\\Users\\danny\\Desktop\\Internet Browsers', 'C:\\Users\\danny\\Desktop\\MyApps', 'C:\\Users\\danny\\Desktop\\Override-OG-Developer-Edition', 'C:\\Users\\danny\\Desktop\\Power Options', 'C:\\Users\\danny\\Desktop\\Rocket League®.url']
2025-10-27 21:21:09,316 - INFO - Favorites UI updated with 7 items
2025-10-27 21:21:09,317 - INFO - ❌ Removed from favorites: System Info.bat
2025-10-27 21:21:10,455 - DEBUG - Read history.json: 874 chars
2025-10-27 21:21:10,459 - DEBUG - Created backup: C:\Users\danny\Desktop\MyApps\File-Explorer\app-code\data\history.json.bak
2025-10-27 21:21:10,466 - INFO - ✅ Wrote history.json: 1190 bytes
2025-10-27 21:21:10,467 - DEBUG - Navigated to: C:\Users\danny\Desktop\Power Options
2025-10-27 21:21:11,828 - INFO - === remove_from_favorites called ===
2025-10-27 21:21:11,829 - INFO - Removing path: C:\Users\danny\Desktop\Power Options
2025-10-27 21:21:11,830 - INFO - Removing favorite: C:\Users\danny\Desktop\Power Options
2025-10-27 21:21:11,834 - DEBUG - Read favorites.json: 313 chars
2025-10-27 21:21:11,839 - DEBUG - Created backup: C:\Users\danny\Desktop\MyApps\File-Explorer\app-code\data\favorites.json.bak
2025-10-27 21:21:11,843 - INFO - ✅ Wrote favorites.json: 291 bytes
2025-10-27 21:21:11,844 - INFO - ✅ Removed favorite: C:\Users\danny\Desktop\Power Options
2025-10-27 21:21:11,845 - INFO - Loading favorites from DataManager
2025-10-27 21:21:11,888 - DEBUG - Read favorites.json: 269 chars
2025-10-27 21:21:11,889 - INFO - Loaded 6 favorites: ['C:\\Users\\danny\\Desktop\\gitApps', 'C:\\Users\\danny\\Desktop\\MyApps', 'C:\\Users\\danny\\Desktop\\Override-OG-Developer-Edition', 'C:\\Users\\danny\\Desktop\\coding', 'C:\\Users\\danny\\Desktop\\Internet Browsers', 'C:\\Users\\danny\\Desktop\\Rocket League®.url']
2025-10-27 21:21:11,890 - INFO - === Updating favorites list UI ===
2025-10-27 21:21:11,891 - INFO - Current favorites: ['C:\\Users\\danny\\Desktop\\gitApps', 'C:\\Users\\danny\\Desktop\\MyApps', 'C:\\Users\\danny\\Desktop\\Override-OG-Developer-Edition', 'C:\\Users\\danny\\Desktop\\coding', 'C:\\Users\\danny\\Desktop\\Internet Browsers', 'C:\\Users\\danny\\Desktop\\Rocket League®.url']
2025-10-27 21:21:11,892 - INFO - After validation: 6 favorites
2025-10-27 21:21:11,894 - INFO - Sorted favorites: ['C:\\Users\\danny\\Desktop\\coding', 'C:\\Users\\danny\\Desktop\\gitApps', 'C:\\Users\\danny\\Desktop\\Internet Browsers', 'C:\\Users\\danny\\Desktop\\MyApps', 'C:\\Users\\danny\\Desktop\\Override-OG-Developer-Edition', 'C:\\Users\\danny\\Desktop\\Rocket League®.url']
2025-10-27 21:21:11,944 - INFO - Favorites UI updated with 6 items
2025-10-27 21:21:11,945 - INFO - ❌ Removed from favorites: Power Options
2025-10-27 21:21:13,147 - INFO - === remove_from_favorites called ===
2025-10-27 21:21:13,148 - INFO - Removing path: C:\Users\danny\Desktop\Rocket League®.url
2025-10-27 21:21:13,148 - INFO - Removing favorite: C:\Users\danny\Desktop\Rocket League®.url
2025-10-27 21:21:13,150 - DEBUG - Read favorites.json: 269 chars
2025-10-27 21:21:13,154 - DEBUG - Created backup: C:\Users\danny\Desktop\MyApps\File-Explorer\app-code\data\favorites.json.bak
2025-10-27 21:21:13,158 - INFO - ✅ Wrote favorites.json: 238 bytes
2025-10-27 21:21:13,159 - INFO - ✅ Removed favorite: C:\Users\danny\Desktop\Rocket League®.url
2025-10-27 21:21:13,160 - INFO - Loading favorites from DataManager
2025-10-27 21:21:13,204 - DEBUG - Read favorites.json: 220 chars
2025-10-27 21:21:13,205 - INFO - Loaded 5 favorites: ['C:\\Users\\danny\\Desktop\\gitApps', 'C:\\Users\\danny\\Desktop\\MyApps', 'C:\\Users\\danny\\Desktop\\Override-OG-Developer-Edition', 'C:\\Users\\danny\\Desktop\\coding', 'C:\\Users\\danny\\Desktop\\Internet Browsers']
2025-10-27 21:21:13,206 - INFO - === Updating favorites list UI ===
2025-10-27 21:21:13,207 - INFO - Current favorites: ['C:\\Users\\danny\\Desktop\\gitApps', 'C:\\Users\\danny\\Desktop\\MyApps', 'C:\\Users\\danny\\Desktop\\Override-OG-Developer-Edition', 'C:\\Users\\danny\\Desktop\\coding', 'C:\\Users\\danny\\Desktop\\Internet Browsers']
2025-10-27 21:21:13,208 - INFO - After validation: 5 favorites
2025-10-27 21:21:13,209 - INFO - Sorted favorites: ['C:\\Users\\danny\\Desktop\\coding', 'C:\\Users\\danny\\Desktop\\gitApps', 'C:\\Users\\danny\\Desktop\\Internet Browsers', 'C:\\Users\\danny\\Desktop\\MyApps', 'C:\\Users\\danny\\Desktop\\Override-OG-Developer-Edition']
2025-10-27 21:21:13,248 - INFO - Favorites UI updated with 5 items
2025-10-27 21:21:13,249 - INFO - ❌ Removed from favorites: Rocket League®.url
2025-10-27 21:21:14,729 - INFO - === remove_from_favorites called ===
2025-10-27 21:21:14,730 - INFO - Removing path: C:\Users\danny\Desktop\Override-OG-Developer-Edition
2025-10-27 21:21:14,731 - INFO - Removing favorite: C:\Users\danny\Desktop\Override-OG-Developer-Edition
2025-10-27 21:21:14,733 - DEBUG - Read favorites.json: 220 chars
2025-10-27 21:21:14,737 - DEBUG - Created backup: C:\Users\danny\Desktop\MyApps\File-Explorer\app-code\data\favorites.json.bak
2025-10-27 21:21:14,742 - INFO - ✅ Wrote favorites.json: 175 bytes
2025-10-27 21:21:14,743 - INFO - ✅ Removed favorite: C:\Users\danny\Desktop\Override-OG-Developer-Edition
2025-10-27 21:21:14,744 - INFO - Loading favorites from DataManager
2025-10-27 21:21:14,785 - DEBUG - Read favorites.json: 160 chars
2025-10-27 21:21:14,786 - INFO - Loaded 4 favorites: ['C:\\Users\\danny\\Desktop\\gitApps', 'C:\\Users\\danny\\Desktop\\MyApps', 'C:\\Users\\danny\\Desktop\\coding', 'C:\\Users\\danny\\Desktop\\Internet Browsers']
2025-10-27 21:21:14,787 - INFO - === Updating favorites list UI ===
2025-10-27 21:21:14,788 - INFO - Current favorites: ['C:\\Users\\danny\\Desktop\\gitApps', 'C:\\Users\\danny\\Desktop\\MyApps', 'C:\\Users\\danny\\Desktop\\coding', 'C:\\Users\\danny\\Desktop\\Internet Browsers']
2025-10-27 21:21:14,789 - INFO - After validation: 4 favorites
2025-10-27 21:21:14,789 - INFO - Sorted favorites: ['C:\\Users\\danny\\Desktop\\coding', 'C:\\Users\\danny\\Desktop\\gitApps', 'C:\\Users\\danny\\Desktop\\Internet Browsers', 'C:\\Users\\danny\\Desktop\\MyApps']
2025-10-27 21:21:14,821 - INFO - Favorites UI updated with 4 items
2025-10-27 21:21:14,822 - INFO - ❌ Removed from favorites: Override-OG-Developer-Edition
2025-10-27 21:21:17,581 - INFO - === remove_from_favorites called ===
2025-10-27 21:21:17,582 - INFO - Removing path: C:\Users\danny\Desktop\Internet Browsers
2025-10-27 21:21:17,582 - INFO - Removing favorite: C:\Users\danny\Desktop\Internet Browsers
2025-10-27 21:21:17,584 - DEBUG - Read favorites.json: 160 chars
2025-10-27 21:21:17,589 - DEBUG - Created backup: C:\Users\danny\Desktop\MyApps\File-Explorer\app-code\data\favorites.json.bak
2025-10-27 21:21:17,593 - INFO - ✅ Wrote favorites.json: 124 bytes
2025-10-27 21:21:17,594 - INFO - ✅ Removed favorite: C:\Users\danny\Desktop\Internet Browsers
2025-10-27 21:21:17,595 - INFO - Loading favorites from DataManager
2025-10-27 21:21:17,635 - DEBUG - Read favorites.json: 112 chars
2025-10-27 21:21:17,637 - INFO - Loaded 3 favorites: ['C:\\Users\\danny\\Desktop\\gitApps', 'C:\\Users\\danny\\Desktop\\MyApps', 'C:\\Users\\danny\\Desktop\\coding']
2025-10-27 21:21:17,638 - INFO - === Updating favorites list UI ===
2025-10-27 21:21:17,639 - INFO - Current favorites: ['C:\\Users\\danny\\Desktop\\gitApps', 'C:\\Users\\danny\\Desktop\\MyApps', 'C:\\Users\\danny\\Desktop\\coding']
2025-10-27 21:21:17,641 - INFO - After validation: 3 favorites
2025-10-27 21:21:17,642 - INFO - Sorted favorites: ['C:\\Users\\danny\\Desktop\\coding', 'C:\\Users\\danny\\Desktop\\gitApps', 'C:\\Users\\danny\\Desktop\\MyApps']
2025-10-27 21:21:17,665 - INFO - Favorites UI updated with 3 items
2025-10-27 21:21:17,666 - INFO - ❌ Removed from favorites: Internet Browsers
2025-10-27 21:21:19,623 - INFO - === remove_from_favorites called ===
2025-10-27 21:21:19,623 - INFO - Removing path: C:\Users\danny\Desktop\coding
2025-10-27 21:21:19,624 - INFO - Removing favorite: C:\Users\danny\Desktop\coding
2025-10-27 21:21:19,626 - DEBUG - Read favorites.json: 112 chars
2025-10-27 21:21:19,629 - DEBUG - Created backup: C:\Users\danny\Desktop\MyApps\File-Explorer\app-code\data\favorites.json.bak
2025-10-27 21:21:19,633 - INFO - ✅ Wrote favorites.json: 84 bytes
2025-10-27 21:21:19,634 - INFO - ✅ Removed favorite: C:\Users\danny\Desktop\coding
2025-10-27 21:21:19,634 - INFO - Loading favorites from DataManager
2025-10-27 21:21:19,640 - DEBUG - Read favorites.json: 75 chars
2025-10-27 21:21:19,641 - INFO - Loaded 2 favorites: ['C:\\Users\\danny\\Desktop\\gitApps', 'C:\\Users\\danny\\Desktop\\MyApps']
2025-10-27 21:21:19,642 - INFO - === Updating favorites list UI ===
2025-10-27 21:21:19,643 - INFO - Current favorites: ['C:\\Users\\danny\\Desktop\\gitApps', 'C:\\Users\\danny\\Desktop\\MyApps']
2025-10-27 21:21:19,644 - INFO - After validation: 2 favorites
2025-10-27 21:21:19,645 - INFO - Sorted favorites: ['C:\\Users\\danny\\Desktop\\gitApps', 'C:\\Users\\danny\\Desktop\\MyApps']
2025-10-27 21:21:19,660 - INFO - Favorites UI updated with 2 items
2025-10-27 21:21:19,661 - INFO - ❌ Removed from favorites: coding
2025-10-27 21:21:57,354 - INFO - === add_to_favorites called ===
2025-10-27 21:21:57,355 - INFO - Input path parameter: None
2025-10-27 21:21:57,375 - INFO - Selected paths: []
2025-10-27 21:21:57,376 - WARNING - No paths selected
2025-10-27 21:22:04,731 - INFO - === add_to_favorites called ===
2025-10-27 21:22:04,732 - INFO - Input path parameter: None
2025-10-27 21:22:04,733 - INFO - Selected paths: []
2025-10-27 21:22:04,734 - WARNING - No paths selected
2025-10-27 21:22:08,757 - INFO - === add_to_favorites called ===
2025-10-27 21:22:08,758 - INFO - Input path parameter: None
2025-10-27 21:22:08,759 - INFO - Selected paths: ['C:/Users/danny/Desktop/Power Options/Shutdown (full).lnk']
2025-10-27 21:22:08,760 - INFO - Using first selected path: C:/Users/danny/Desktop/Power Options/Shutdown (full).lnk
2025-10-27 21:22:08,760 - INFO - Normalized path: C:\Users\danny\Desktop\Power Options\Shutdown (full).lnk
2025-10-27 21:22:08,761 - INFO - Adding favorite: C:\Users\danny\Desktop\Power Options\Shutdown (full).lnk
2025-10-27 21:22:08,763 - DEBUG - Read favorites.json: 75 chars
2025-10-27 21:22:08,767 - DEBUG - Created backup: C:\Users\danny\Desktop\MyApps\File-Explorer\app-code\data\favorites.json.bak
2025-10-27 21:22:08,771 - INFO - ✅ Wrote favorites.json: 152 bytes
2025-10-27 21:22:08,772 - INFO - ✅ Added favorite: C:\Users\danny\Desktop\Power Options\Shutdown (full).lnk
2025-10-27 21:22:08,773 - INFO - Loading favorites from DataManager
2025-10-27 21:22:08,810 - DEBUG - Read favorites.json: 140 chars
2025-10-27 21:22:08,811 - INFO - Loaded 3 favorites: ['C:\\Users\\danny\\Desktop\\gitApps', 'C:\\Users\\danny\\Desktop\\MyApps', 'C:\\Users\\danny\\Desktop\\Power Options\\Shutdown (full).lnk']
2025-10-27 21:22:08,812 - INFO - === Updating favorites list UI ===
2025-10-27 21:22:08,813 - INFO - Current favorites: ['C:\\Users\\danny\\Desktop\\gitApps', 'C:\\Users\\danny\\Desktop\\MyApps', 'C:\\Users\\danny\\Desktop\\Power Options\\Shutdown (full).lnk']
2025-10-27 21:22:08,814 - INFO - After validation: 3 favorites
2025-10-27 21:22:08,815 - INFO - Sorted favorites: ['C:\\Users\\danny\\Desktop\\gitApps', 'C:\\Users\\danny\\Desktop\\MyApps', 'C:\\Users\\danny\\Desktop\\Power Options\\Shutdown (full).lnk']
2025-10-27 21:22:08,835 - INFO - Favorites UI updated with 3 items
2025-10-27 21:22:08,836 - INFO - ⭐ Added to favorites: Shutdown (full).lnk
2025-10-27 21:22:13,321 - INFO - === remove_from_favorites called ===
2025-10-27 21:22:13,321 - INFO - Removing path: C:\Users\danny\Desktop\Power Options\Shutdown (full).lnk
2025-10-27 21:22:13,322 - INFO - Removing favorite: C:\Users\danny\Desktop\Power Options\Shutdown (full).lnk
2025-10-27 21:22:13,324 - DEBUG - Read favorites.json: 140 chars
2025-10-27 21:22:13,328 - DEBUG - Created backup: C:\Users\danny\Desktop\MyApps\File-Explorer\app-code\data\favorites.json.bak
2025-10-27 21:22:13,334 - INFO - ✅ Wrote favorites.json: 84 bytes
2025-10-27 21:22:13,334 - INFO - ✅ Removed favorite: C:\Users\danny\Desktop\Power Options\Shutdown (full).lnk
2025-10-27 21:22:13,335 - INFO - Loading favorites from DataManager
2025-10-27 21:22:13,343 - DEBUG - Read favorites.json: 75 chars
2025-10-27 21:22:13,344 - INFO - Loaded 2 favorites: ['C:\\Users\\danny\\Desktop\\gitApps', 'C:\\Users\\danny\\Desktop\\MyApps']
2025-10-27 21:22:13,345 - INFO - === Updating favorites list UI ===
2025-10-27 21:22:13,346 - INFO - Current favorites: ['C:\\Users\\danny\\Desktop\\gitApps', 'C:\\Users\\danny\\Desktop\\MyApps']
2025-10-27 21:22:13,347 - INFO - After validation: 2 favorites
2025-10-27 21:22:13,349 - INFO - Sorted favorites: ['C:\\Users\\danny\\Desktop\\gitApps', 'C:\\Users\\danny\\Desktop\\MyApps']
2025-10-27 21:22:13,364 - INFO - Favorites UI updated with 2 items
2025-10-27 21:22:13,365 - INFO - ❌ Removed from favorites: Shutdown (full).lnk
2025-10-27 21:22:20,722 - INFO - === Context menu requested ===
2025-10-27 21:22:20,723 - INFO - Index valid: True
2025-10-27 21:22:20,724 - INFO - Context menu for path: C:/Users/danny/Desktop/Power Options/Shutdown (full).lnk
2025-10-27 21:22:20,725 - INFO - Added 'Add to Favorites' action for: C:/Users/danny/Desktop/Power Options/Shutdown (full).lnk
2025-10-27 21:22:20,726 - INFO - Showing context menu
2025-10-27 21:22:22,217 - INFO - === add_to_favorites called ===
2025-10-27 21:22:22,218 - INFO - Input path parameter: C:/Users/danny/Desktop/Power Options/Shutdown (full).lnk
2025-10-27 21:22:22,219 - INFO - Normalized path: C:\Users\danny\Desktop\Power Options\Shutdown (full).lnk
2025-10-27 21:22:22,220 - INFO - Adding favorite: C:\Users\danny\Desktop\Power Options\Shutdown (full).lnk
2025-10-27 21:22:22,222 - DEBUG - Read favorites.json: 75 chars
2025-10-27 21:22:22,230 - DEBUG - Created backup: C:\Users\danny\Desktop\MyApps\File-Explorer\app-code\data\favorites.json.bak
2025-10-27 21:22:22,234 - INFO - ✅ Wrote favorites.json: 152 bytes
2025-10-27 21:22:22,235 - INFO - ✅ Added favorite: C:\Users\danny\Desktop\Power Options\Shutdown (full).lnk
2025-10-27 21:22:22,236 - INFO - Loading favorites from DataManager
2025-10-27 21:22:22,244 - DEBUG - Read favorites.json: 140 chars
2025-10-27 21:22:22,245 - INFO - Loaded 3 favorites: ['C:\\Users\\danny\\Desktop\\gitApps', 'C:\\Users\\danny\\Desktop\\MyApps', 'C:\\Users\\danny\\Desktop\\Power Options\\Shutdown (full).lnk']
2025-10-27 21:22:22,246 - INFO - === Updating favorites list UI ===
2025-10-27 21:22:22,247 - INFO - Current favorites: ['C:\\Users\\danny\\Desktop\\gitApps', 'C:\\Users\\danny\\Desktop\\MyApps', 'C:\\Users\\danny\\Desktop\\Power Options\\Shutdown (full).lnk']
2025-10-27 21:22:22,248 - INFO - After validation: 3 favorites
2025-10-27 21:22:22,249 - INFO - Sorted favorites: ['C:\\Users\\danny\\Desktop\\gitApps', 'C:\\Users\\danny\\Desktop\\MyApps', 'C:\\Users\\danny\\Desktop\\Power Options\\Shutdown (full).lnk']
2025-10-27 21:22:22,272 - INFO - Favorites UI updated with 3 items
2025-10-27 21:22:22,273 - INFO - ⭐ Added to favorites: Shutdown (full).lnk
2025-10-27 21:22:38,745 - INFO - === remove_from_favorites called ===
2025-10-27 21:22:38,746 - INFO - Removing path: C:\Users\danny\Desktop\Power Options\Shutdown (full).lnk
2025-10-27 21:22:38,747 - INFO - Removing favorite: C:\Users\danny\Desktop\Power Options\Shutdown (full).lnk
2025-10-27 21:22:38,748 - DEBUG - Read favorites.json: 140 chars
2025-10-27 21:22:38,753 - DEBUG - Created backup: C:\Users\danny\Desktop\MyApps\File-Explorer\app-code\data\favorites.json.bak
2025-10-27 21:22:38,758 - INFO - ✅ Wrote favorites.json: 84 bytes
2025-10-27 21:22:38,759 - INFO - ✅ Removed favorite: C:\Users\danny\Desktop\Power Options\Shutdown (full).lnk
2025-10-27 21:22:38,760 - INFO - Loading favorites from DataManager
2025-10-27 21:22:38,767 - DEBUG - Read favorites.json: 75 chars
2025-10-27 21:22:38,768 - INFO - Loaded 2 favorites: ['C:\\Users\\danny\\Desktop\\gitApps', 'C:\\Users\\danny\\Desktop\\MyApps']
2025-10-27 21:22:38,769 - INFO - === Updating favorites list UI ===
2025-10-27 21:22:38,770 - INFO - Current favorites: ['C:\\Users\\danny\\Desktop\\gitApps', 'C:\\Users\\danny\\Desktop\\MyApps']
2025-10-27 21:22:38,772 - INFO - After validation: 2 favorites
2025-10-27 21:22:38,773 - INFO - Sorted favorites: ['C:\\Users\\danny\\Desktop\\gitApps', 'C:\\Users\\danny\\Desktop\\MyApps']
2025-10-27 21:22:38,788 - INFO - Favorites UI updated with 2 items
2025-10-27 21:22:38,789 - INFO - ❌ Removed from favorites: Shutdown (full).lnk
2025-10-27 21:27:36,314 - INFO - DataManager initialized with data directory: C:\Users\danny\Desktop\MyApps\File-Explorer\app-code\data
2025-10-27 21:27:36,314 - DEBUG - Data file exists: C:\Users\danny\Desktop\MyApps\File-Explorer\app-code\data\favorites.json
2025-10-27 21:27:36,315 - DEBUG - Data file exists: C:\Users\danny\Desktop\MyApps\File-Explorer\app-code\data\settings.json
2025-10-27 21:27:36,316 - DEBUG - Data file exists: C:\Users\danny\Desktop\MyApps\File-Explorer\app-code\data\history.json
2025-10-27 21:27:36,316 - DEBUG - Data file exists: C:\Users\danny\Desktop\MyApps\File-Explorer\app-code\data\bookmarks.json
2025-10-27 21:27:36,317 - DEBUG - Data file exists: C:\Users\danny\Desktop\MyApps\File-Explorer\app-code\data\recent_files.json
2025-10-27 21:27:36,317 - INFO - Loading favorites from DataManager
2025-10-27 21:27:36,318 - DEBUG - Read favorites.json: 75 chars
2025-10-27 21:27:36,319 - INFO - Loaded 2 favorites: ['C:\\Users\\danny\\Desktop\\gitApps', 'C:\\Users\\danny\\Desktop\\MyApps']
2025-10-27 21:27:36,341 - INFO - === Updating favorites list UI ===
2025-10-27 21:27:36,341 - INFO - Current favorites: ['C:\\Users\\danny\\Desktop\\gitApps', 'C:\\Users\\danny\\Desktop\\MyApps']
2025-10-27 21:27:36,341 - INFO - After validation: 2 favorites
2025-10-27 21:27:36,342 - INFO - Sorted favorites: ['C:\\Users\\danny\\Desktop\\gitApps', 'C:\\Users\\danny\\Desktop\\MyApps']
2025-10-27 21:27:36,350 - INFO - Favorites UI updated with 2 items
2025-10-27 21:27:37,777 - DEBUG - Read history.json: 971 chars
2025-10-27 21:27:37,785 - DEBUG - Created backup: C:\Users\danny\Desktop\MyApps\File-Explorer\app-code\data\history.json.bak
2025-10-27 21:27:37,790 - INFO - ✅ Wrote history.json: 1281 bytes
2025-10-27 21:27:37,791 - DEBUG - Navigated to: C:\Users\danny
2025-10-27 21:27:46,166 - DEBUG - Read history.json: 1044 chars
2025-10-27 21:27:46,171 - DEBUG - Created backup: C:\Users\danny\Desktop\MyApps\File-Explorer\app-code\data\history.json.bak
2025-10-27 21:27:46,177 - INFO - ✅ Wrote history.json: 1381 bytes
2025-10-27 21:27:46,178 - DEBUG - Navigated to: C:\Users\danny\Desktop
2025-10-27 21:27:50,840 - INFO - === Context menu requested ===
2025-10-27 21:27:50,842 - INFO - Index valid: True
2025-10-27 21:27:50,845 - INFO - Context menu for path: C:/Users/danny/Desktop/Discord.lnk
2025-10-27 21:27:50,847 - INFO - Added 'Run' action for executable: C:/Users/danny/Desktop/Discord.lnk
2025-10-27 21:27:50,848 - INFO - Added 'Add to Favorites' action for: C:/Users/danny/Desktop/Discord.lnk
2025-10-27 21:27:50,851 - INFO - Showing context menu
2025-10-27 21:27:52,490 - INFO - === add_to_favorites called ===
2025-10-27 21:27:52,491 - INFO - Input path parameter: C:/Users/danny/Desktop/Discord.lnk
2025-10-27 21:27:52,491 - INFO - Normalized path: C:\Users\danny\Desktop\Discord.lnk
2025-10-27 21:27:52,492 - INFO - Adding favorite: C:\Users\danny\Desktop\Discord.lnk
2025-10-27 21:27:52,494 - DEBUG - Read favorites.json: 75 chars
2025-10-27 21:27:52,499 - DEBUG - Created backup: C:\Users\danny\Desktop\MyApps\File-Explorer\app-code\data\favorites.json.bak
2025-10-27 21:27:52,504 - INFO - ✅ Wrote favorites.json: 129 bytes
2025-10-27 21:27:52,505 - INFO - ✅ Added favorite: C:\Users\danny\Desktop\Discord.lnk
2025-10-27 21:27:52,506 - INFO - Loading favorites from DataManager
2025-10-27 21:27:52,551 - DEBUG - Read favorites.json: 117 chars
2025-10-27 21:27:52,552 - INFO - Loaded 3 favorites: ['C:\\Users\\danny\\Desktop\\gitApps', 'C:\\Users\\danny\\Desktop\\MyApps', 'C:\\Users\\danny\\Desktop\\Discord.lnk']
2025-10-27 21:27:52,554 - INFO - === Updating favorites list UI ===
2025-10-27 21:27:52,555 - INFO - Current favorites: ['C:\\Users\\danny\\Desktop\\gitApps', 'C:\\Users\\danny\\Desktop\\MyApps', 'C:\\Users\\danny\\Desktop\\Discord.lnk']
2025-10-27 21:27:52,557 - INFO - After validation: 3 favorites
2025-10-27 21:27:52,558 - INFO - Sorted favorites: ['C:\\Users\\danny\\Desktop\\Discord.lnk', 'C:\\Users\\danny\\Desktop\\gitApps', 'C:\\Users\\danny\\Desktop\\MyApps']
2025-10-27 21:27:52,584 - INFO - Favorites UI updated with 3 items
2025-10-27 21:27:52,585 - INFO - ⭐ Added to favorites: Discord.lnk
2025-10-27 21:27:57,291 - INFO - === open_favorite called for: C:\Users\danny\Desktop\Discord.lnk ===
2025-10-27 21:28:00,633 - INFO - User confirmed - running executable: C:\Users\danny\Desktop\Discord.lnk
2025-10-27 21:28:00,881 - INFO - Successfully launched: C:\Users\danny\Desktop\Discord.lnk
2025-10-27 21:28:05,351 - INFO - === remove_from_favorites called ===
2025-10-27 21:28:05,352 - INFO - Removing path: C:\Users\danny\Desktop\Discord.lnk
2025-10-27 21:28:05,353 - INFO - Removing favorite: C:\Users\danny\Desktop\Discord.lnk
2025-10-27 21:28:05,355 - DEBUG - Read favorites.json: 117 chars
2025-10-27 21:28:05,361 - DEBUG - Created backup: C:\Users\danny\Desktop\MyApps\File-Explorer\app-code\data\favorites.json.bak
2025-10-27 21:28:05,367 - INFO - ✅ Wrote favorites.json: 84 bytes
2025-10-27 21:28:05,369 - INFO - ✅ Removed favorite: C:\Users\danny\Desktop\Discord.lnk
2025-10-27 21:28:05,370 - INFO - Loading favorites from DataManager
2025-10-27 21:28:05,376 - DEBUG - Read favorites.json: 75 chars
2025-10-27 21:28:05,378 - INFO - Loaded 2 favorites: ['C:\\Users\\danny\\Desktop\\gitApps', 'C:\\Users\\danny\\Desktop\\MyApps']
2025-10-27 21:28:05,380 - INFO - === Updating favorites list UI ===
2025-10-27 21:28:05,380 - INFO - Current favorites: ['C:\\Users\\danny\\Desktop\\gitApps', 'C:\\Users\\danny\\Desktop\\MyApps']
2025-10-27 21:28:05,381 - INFO - After validation: 2 favorites
2025-10-27 21:28:05,382 - INFO - Sorted favorites: ['C:\\Users\\danny\\Desktop\\gitApps', 'C:\\Users\\danny\\Desktop\\MyApps']
2025-10-27 21:28:05,402 - INFO - Favorites UI updated with 2 items
2025-10-27 21:28:05,404 - INFO - ❌ Removed from favorites: Discord.lnk
2025-10-27 21:30:18,382 - INFO - DataManager initialized with data directory: C:\Users\danny\Desktop\MyApps\File-Explorer\app-code\data
2025-10-27 21:30:18,384 - DEBUG - Data file exists: C:\Users\danny\Desktop\MyApps\File-Explorer\app-code\data\favorites.json
2025-10-27 21:30:18,385 - DEBUG - Data file exists: C:\Users\danny\Desktop\MyApps\File-Explorer\app-code\data\settings.json
2025-10-27 21:30:18,386 - DEBUG - Data file exists: C:\Users\danny\Desktop\MyApps\File-Explorer\app-code\data\history.json
2025-10-27 21:30:18,387 - DEBUG - Data file exists: C:\Users\danny\Desktop\MyApps\File-Explorer\app-code\data\bookmarks.json
2025-10-27 21:30:18,388 - DEBUG - Data file exists: C:\Users\danny\Desktop\MyApps\File-Explorer\app-code\data\recent_files.json
2025-10-27 21:30:18,389 - INFO - Loading favorites from DataManager
2025-10-27 21:30:18,391 - DEBUG - Read favorites.json: 75 chars
2025-10-27 21:30:18,391 - INFO - Loaded 2 favorites: ['C:\\Users\\danny\\Desktop\\gitApps', 'C:\\Users\\danny\\Desktop\\MyApps']
2025-10-27 21:30:18,435 - INFO - === Updating favorites list UI ===
2025-10-27 21:30:18,436 - INFO - Current favorites: ['C:\\Users\\danny\\Desktop\\gitApps', 'C:\\Users\\danny\\Desktop\\MyApps']
2025-10-27 21:30:18,436 - INFO - After validation: 2 favorites
2025-10-27 21:30:18,437 - INFO - Sorted favorites: ['C:\\Users\\danny\\Desktop\\gitApps', 'C:\\Users\\danny\\Desktop\\MyApps']
2025-10-27 21:30:18,448 - INFO - Favorites UI updated with 2 items
2025-10-27 21:30:19,984 - DEBUG - Read history.json: 1126 chars
2025-10-27 21:30:19,989 - DEBUG - Created backup: C:\Users\danny\Desktop\MyApps\File-Explorer\app-code\data\history.json.bak
2025-10-27 21:30:19,991 - INFO - ✅ Wrote history.json: 1472 bytes
2025-10-27 21:30:19,991 - DEBUG - Navigated to: C:\Users\danny
2025-10-27 21:30:22,458 - DEBUG - Read history.json: 1199 chars
2025-10-27 21:30:22,466 - DEBUG - Created backup: C:\Users\danny\Desktop\MyApps\File-Explorer\app-code\data\history.json.bak
2025-10-27 21:30:22,485 - INFO - ✅ Wrote history.json: 1572 bytes
2025-10-27 21:30:22,487 - DEBUG - Navigated to: C:\Users\danny\Desktop
2025-10-27 21:30:23,996 - DEBUG - Read history.json: 1281 chars
2025-10-27 21:30:24,001 - DEBUG - Created backup: C:\Users\danny\Desktop\MyApps\File-Explorer\app-code\data\history.json.bak
2025-10-27 21:30:24,005 - INFO - ✅ Wrote history.json: 1680 bytes
2025-10-27 21:30:24,006 - DEBUG - Navigated to: C:\Users\danny\Desktop\MyApps
2025-10-27 21:30:27,173 - INFO - === open_favorite called for: C:\Users\danny\Desktop\gitApps ===
2025-10-27 21:30:27,174 - INFO - Navigating to folder: C:\Users\danny\Desktop\gitApps
2025-10-27 21:30:27,205 - DEBUG - Read history.json: 1371 chars
2025-10-27 21:30:27,208 - DEBUG - Created backup: C:\Users\danny\Desktop\MyApps\File-Explorer\app-code\data\history.json.bak
2025-10-27 21:30:27,212 - INFO - ✅ Wrote history.json: 1789 bytes
2025-10-27 21:30:27,213 - DEBUG - Navigated to: C:\Users\danny\Desktop\gitApps
2025-10-27 21:30:28,225 - INFO - === open_favorite called for: C:\Users\danny\Desktop\MyApps ===
2025-10-27 21:30:28,226 - INFO - Navigating to folder: C:\Users\danny\Desktop\MyApps
2025-10-27 21:30:28,293 - DEBUG - Read history.json: 1462 chars
2025-10-27 21:30:28,298 - DEBUG - Created backup: C:\Users\danny\Desktop\MyApps\File-Explorer\app-code\data\history.json.bak
2025-10-27 21:30:28,304 - INFO - ✅ Wrote history.json: 1897 bytes
2025-10-27 21:30:28,305 - DEBUG - Navigated to: C:\Users\danny\Desktop\MyApps
2025-10-27 21:30:30,032 - DEBUG - Read history.json: 1552 chars
2025-10-27 21:30:30,037 - DEBUG - Created backup: C:\Users\danny\Desktop\MyApps\File-Explorer\app-code\data\history.json.bak
2025-10-27 21:30:30,042 - INFO - ✅ Wrote history.json: 2020 bytes
2025-10-27 21:30:30,042 - DEBUG - Navigated to: C:\Users\danny\Desktop\MyApps\File-Explorer
2025-10-27 21:30:31,040 - DEBUG - Read history.json: 1657 chars
2025-10-27 21:30:31,045 - DEBUG - Created backup: C:\Users\danny\Desktop\MyApps\File-Explorer\app-code\data\history.json.bak
2025-10-27 21:30:31,050 - INFO - ✅ Wrote history.json: 2153 bytes
2025-10-27 21:30:31,051 - DEBUG - Navigated to: C:\Users\danny\Desktop\MyApps\File-Explorer\app-code
2025-10-27 21:30:39,032 - INFO - === Context menu requested ===
2025-10-27 21:30:39,033 - INFO - Index valid: True
2025-10-27 21:30:39,035 - INFO - Context menu for path: C:/Users/danny/Desktop/MyApps/File-Explorer/app-code/main.py
2025-10-27 21:30:39,037 - INFO - Added 'Run' action for executable: C:/Users/danny/Desktop/MyApps/File-Explorer/app-code/main.py
2025-10-27 21:30:39,039 - INFO - Added 'Add to Favorites' action for: C:/Users/danny/Desktop/MyApps/File-Explorer/app-code/main.py
2025-10-27 21:30:39,040 - INFO - Showing context menu
2025-10-27 21:30:40,962 - INFO - === run_file called for: C:/Users/danny/Desktop/MyApps/File-Explorer/app-code/main.py ===
2025-10-27 21:30:42,400 - INFO - User confirmed - running: C:/Users/danny/Desktop/MyApps/File-Explorer/app-code/main.py
2025-10-27 21:30:42,425 - INFO - Successfully executed: C:/Users/danny/Desktop/MyApps/File-Explorer/app-code/main.py
2025-10-27 21:30:43,458 - INFO - DataManager initialized with data directory: C:\Users\danny\Desktop\MyApps\File-Explorer\app-code\data
2025-10-27 21:30:43,459 - DEBUG - Data file exists: C:\Users\danny\Desktop\MyApps\File-Explorer\app-code\data\favorites.json
2025-10-27 21:30:43,461 - DEBUG - Data file exists: C:\Users\danny\Desktop\MyApps\File-Explorer\app-code\data\settings.json
2025-10-27 21:30:43,462 - DEBUG - Data file exists: C:\Users\danny\Desktop\MyApps\File-Explorer\app-code\data\history.json
2025-10-27 21:30:43,463 - DEBUG - Data file exists: C:\Users\danny\Desktop\MyApps\File-Explorer\app-code\data\bookmarks.json
2025-10-27 21:30:43,464 - DEBUG - Data file exists: C:\Users\danny\Desktop\MyApps\File-Explorer\app-code\data\recent_files.json
2025-10-27 21:30:43,465 - INFO - Loading favorites from DataManager
2025-10-27 21:30:43,467 - DEBUG - Read favorites.json: 75 chars
2025-10-27 21:30:43,468 - INFO - Loaded 2 favorites: ['C:\\Users\\danny\\Desktop\\gitApps', 'C:\\Users\\danny\\Desktop\\MyApps']
2025-10-27 21:30:43,509 - INFO - === Updating favorites list UI ===
2025-10-27 21:30:43,510 - INFO - Current favorites: ['C:\\Users\\danny\\Desktop\\gitApps', 'C:\\Users\\danny\\Desktop\\MyApps']
2025-10-27 21:30:43,511 - INFO - After validation: 2 favorites
2025-10-27 21:30:43,512 - INFO - Sorted favorites: ['C:\\Users\\danny\\Desktop\\gitApps', 'C:\\Users\\danny\\Desktop\\MyApps']
2025-10-27 21:30:43,524 - INFO - Favorites UI updated with 2 items
2025-10-27 21:30:44,884 - DEBUG - Read history.json: 1772 chars
2025-10-27 21:30:44,892 - DEBUG - Created backup: C:\Users\danny\Desktop\MyApps\File-Explorer\app-code\data\history.json.bak
2025-10-27 21:30:44,895 - INFO - ✅ Wrote history.json: 2244 bytes
2025-10-27 21:30:44,896 - DEBUG - Navigated to: C:\Users\danny
2025-10-27 21:30:51,338 - INFO - === Context menu requested ===
2025-10-27 21:30:51,339 - INFO - Index valid: True
2025-10-27 21:30:51,340 - INFO - Context menu for path: C:/Users/danny/Desktop/MyApps/File-Explorer/app-code/main.py
2025-10-27 21:30:51,342 - INFO - Added 'Run' action for executable: C:/Users/danny/Desktop/MyApps/File-Explorer/app-code/main.py
2025-10-27 21:30:51,344 - INFO - Added 'Add to Favorites' action for: C:/Users/danny/Desktop/MyApps/File-Explorer/app-code/main.py
2025-10-27 21:30:51,345 - INFO - Showing context menu
2025-10-27 21:30:52,555 - INFO - === run_file called for: C:/Users/danny/Desktop/MyApps/File-Explorer/app-code/main.py ===
2025-10-27 21:30:53,818 - INFO - User confirmed - running: C:/Users/danny/Desktop/MyApps/File-Explorer/app-code/main.py
2025-10-27 21:30:53,831 - INFO - Successfully executed: C:/Users/danny/Desktop/MyApps/File-Explorer/app-code/main.py
2025-10-27 21:30:54,770 - INFO - DataManager initialized with data directory: C:\Users\danny\Desktop\MyApps\File-Explorer\app-code\data
2025-10-27 21:30:54,772 - DEBUG - Data file exists: C:\Users\danny\Desktop\MyApps\File-Explorer\app-code\data\favorites.json
2025-10-27 21:30:54,773 - DEBUG - Data file exists: C:\Users\danny\Desktop\MyApps\File-Explorer\app-code\data\settings.json
2025-10-27 21:30:54,775 - DEBUG - Data file exists: C:\Users\danny\Desktop\MyApps\File-Explorer\app-code\data\history.json
2025-10-27 21:30:54,776 - DEBUG - Data file exists: C:\Users\danny\Desktop\MyApps\File-Explorer\app-code\data\bookmarks.json
2025-10-27 21:30:54,778 - DEBUG - Data file exists: C:\Users\danny\Desktop\MyApps\File-Explorer\app-code\data\recent_files.json
2025-10-27 21:30:54,778 - INFO - Loading favorites from DataManager
2025-10-27 21:30:54,781 - DEBUG - Read favorites.json: 75 chars
2025-10-27 21:30:54,782 - INFO - Loaded 2 favorites: ['C:\\Users\\danny\\Desktop\\gitApps', 'C:\\Users\\danny\\Desktop\\MyApps']
2025-10-27 21:30:54,826 - INFO - === Updating favorites list UI ===
2025-10-27 21:30:54,827 - INFO - Current favorites: ['C:\\Users\\danny\\Desktop\\gitApps', 'C:\\Users\\danny\\Desktop\\MyApps']
2025-10-27 21:30:54,827 - INFO - After validation: 2 favorites
2025-10-27 21:30:54,828 - INFO - Sorted favorites: ['C:\\Users\\danny\\Desktop\\gitApps', 'C:\\Users\\danny\\Desktop\\MyApps']
2025-10-27 21:30:54,842 - INFO - Favorites UI updated with 2 items
2025-10-27 21:30:56,168 - DEBUG - Read history.json: 1845 chars
2025-10-27 21:30:56,172 - DEBUG - Created backup: C:\Users\danny\Desktop\MyApps\File-Explorer\app-code\data\history.json.bak
2025-10-27 21:30:56,175 - INFO - ✅ Wrote history.json: 2335 bytes
2025-10-27 21:30:56,176 - DEBUG - Navigated to: C:\Users\danny
2025-10-27 21:39:35,726 - INFO - DataManager initialized with data directory: C:\Users\danny\Desktop\MyApps\File-Explorer\app-code\data
2025-10-27 21:39:35,727 - DEBUG - Data file exists: C:\Users\danny\Desktop\MyApps\File-Explorer\app-code\data\favorites.json
2025-10-27 21:39:35,728 - DEBUG - Data file exists: C:\Users\danny\Desktop\MyApps\File-Explorer\app-code\data\settings.json
2025-10-27 21:39:35,728 - DEBUG - Data file exists: C:\Users\danny\Desktop\MyApps\File-Explorer\app-code\data\history.json
2025-10-27 21:39:35,729 - DEBUG - Data file exists: C:\Users\danny\Desktop\MyApps\File-Explorer\app-code\data\bookmarks.json
2025-10-27 21:39:35,730 - DEBUG - Data file exists: C:\Users\danny\Desktop\MyApps\File-Explorer\app-code\data\recent_files.json
2025-10-27 21:39:35,730 - INFO - Loading favorites from DataManager
2025-10-27 21:39:35,731 - DEBUG - Read favorites.json: 75 chars
2025-10-27 21:39:35,732 - INFO - Loaded 2 favorites: ['C:\\Users\\danny\\Desktop\\gitApps', 'C:\\Users\\danny\\Desktop\\MyApps']
2025-10-27 21:39:35,758 - INFO - === Updating favorites list UI ===
2025-10-27 21:39:35,759 - INFO - Current favorites: ['C:\\Users\\danny\\Desktop\\gitApps', 'C:\\Users\\danny\\Desktop\\MyApps']
2025-10-27 21:39:35,759 - INFO - After validation: 2 favorites
2025-10-27 21:39:35,760 - INFO - Sorted favorites: ['C:\\Users\\danny\\Desktop\\gitApps', 'C:\\Users\\danny\\Desktop\\MyApps']
2025-10-27 21:39:35,765 - INFO - Favorites UI updated with 2 items
2025-10-27 21:39:36,678 - DEBUG - Read history.json: 1918 chars
2025-10-27 21:39:36,682 - DEBUG - Created backup: C:\Users\danny\Desktop\MyApps\File-Explorer\app-code\data\history.json.bak
2025-10-27 21:39:36,685 - INFO - ✅ Wrote history.json: 2426 bytes
2025-10-27 21:39:36,686 - DEBUG - Navigated to: C:\Users\danny
2025-10-27 21:43:40,063 - INFO - DataManager initialized with data directory: C:\Users\danny\Desktop\MyApps\File-Explorer\app-code\data
2025-10-27 21:43:40,064 - DEBUG - Data file exists: C:\Users\danny\Desktop\MyApps\File-Explorer\app-code\data\favorites.json
2025-10-27 21:43:40,065 - DEBUG - Data file exists: C:\Users\danny\Desktop\MyApps\File-Explorer\app-code\data\settings.json
2025-10-27 21:43:40,065 - DEBUG - Data file exists: C:\Users\danny\Desktop\MyApps\File-Explorer\app-code\data\history.json
2025-10-27 21:43:40,066 - DEBUG - Data file exists: C:\Users\danny\Desktop\MyApps\File-Explorer\app-code\data\bookmarks.json
2025-10-27 21:43:40,067 - DEBUG - Data file exists: C:\Users\danny\Desktop\MyApps\File-Explorer\app-code\data\recent_files.json
2025-10-27 21:43:40,067 - INFO - Loading favorites from DataManager
2025-10-27 21:43:40,069 - DEBUG - Read favorites.json: 75 chars
2025-10-27 21:43:40,070 - INFO - Loaded 2 favorites: ['C:\\Users\\danny\\Desktop\\gitApps', 'C:\\Users\\danny\\Desktop\\MyApps']
2025-10-27 21:43:40,093 - INFO - === Updating favorites list UI ===
2025-10-27 21:43:40,093 - INFO - Current favorites: ['C:\\Users\\danny\\Desktop\\gitApps', 'C:\\Users\\danny\\Desktop\\MyApps']
2025-10-27 21:43:40,094 - INFO - After validation: 2 favorites
2025-10-27 21:43:40,094 - INFO - Sorted favorites: ['C:\\Users\\danny\\Desktop\\gitApps', 'C:\\Users\\danny\\Desktop\\MyApps']
2025-10-27 21:43:40,101 - INFO - Favorites UI updated with 2 items
2025-10-27 21:43:41,652 - DEBUG - Read history.json: 1991 chars
2025-10-27 21:43:41,657 - DEBUG - Created backup: C:\Users\danny\Desktop\MyApps\File-Explorer\app-code\data\history.json.bak
2025-10-27 21:43:41,660 - INFO - ✅ Wrote history.json: 2517 bytes
2025-10-27 21:43:41,661 - DEBUG - Navigated to: C:\Users\danny
2025-10-27 21:43:48,299 - INFO - === remove_from_favorites called ===
2025-10-27 21:43:48,300 - INFO - Removing path: C:\Users\danny\Desktop\gitApps
2025-10-27 21:43:48,301 - INFO - Removing favorite: C:\Users\danny\Desktop\gitApps
2025-10-27 21:43:48,303 - DEBUG - Read favorites.json: 75 chars
2025-10-27 21:43:48,308 - DEBUG - Created backup: C:\Users\danny\Desktop\MyApps\File-Explorer\app-code\data\favorites.json.bak
2025-10-27 21:43:48,313 - INFO - ✅ Wrote favorites.json: 43 bytes
2025-10-27 21:43:48,314 - INFO - ✅ Removed favorite: C:\Users\danny\Desktop\gitApps
2025-10-27 21:43:48,315 - INFO - Loading favorites from DataManager
2025-10-27 21:43:48,322 - DEBUG - Read favorites.json: 37 chars
2025-10-27 21:43:48,324 - INFO - Loaded 1 favorites: ['C:\\Users\\danny\\Desktop\\MyApps']
2025-10-27 21:43:48,325 - INFO - === Updating favorites list UI ===
2025-10-27 21:43:48,326 - INFO - Current favorites: ['C:\\Users\\danny\\Desktop\\MyApps']
2025-10-27 21:43:48,327 - INFO - After validation: 1 favorites
2025-10-27 21:43:48,328 - INFO - Sorted favorites: ['C:\\Users\\danny\\Desktop\\MyApps']
2025-10-27 21:43:48,339 - INFO - Favorites UI updated with 1 items
2025-10-27 21:43:48,340 - INFO - ❌ Removed from favorites: gitApps
2025-10-27 21:43:49,257 - INFO - === open_favorite called for: C:\Users\danny\Desktop\MyApps ===
2025-10-27 21:43:49,259 - INFO - Navigating to folder: C:\Users\danny\Desktop\MyApps
2025-10-27 21:43:49,330 - DEBUG - Read history.json: 2064 chars
2025-10-27 21:43:49,337 - DEBUG - Created backup: C:\Users\danny\Desktop\MyApps\File-Explorer\app-code\data\history.json.bak
2025-10-27 21:43:49,343 - INFO - ✅ Wrote history.json: 2625 bytes
2025-10-27 21:43:49,345 - DEBUG - Navigated to: C:\Users\danny\Desktop\MyApps
2025-10-27 21:43:54,299 - DEBUG - Read history.json: 2154 chars
2025-10-27 21:43:54,301 - DEBUG - Created backup: C:\Users\danny\Desktop\MyApps\File-Explorer\app-code\data\history.json.bak
2025-10-27 21:43:54,303 - INFO - ✅ Wrote history.json: 2725 bytes
2025-10-27 21:43:54,304 - DEBUG - Navigated to: C:\Users\danny\Desktop
2025-10-27 21:43:57,637 - INFO - === Context menu requested ===
2025-10-27 21:43:57,639 - INFO - Index valid: True
2025-10-27 21:43:57,642 - INFO - Context menu for path: C:/Users/danny/Desktop/gitApps
2025-10-27 21:43:57,643 - INFO - Added 'Add to Favorites' action for: C:/Users/danny/Desktop/gitApps
2025-10-27 21:43:57,645 - INFO - Showing context menu
2025-10-27 21:43:59,292 - INFO - === add_to_favorites called ===
2025-10-27 21:43:59,292 - INFO - Input path parameter: C:/Users/danny/Desktop/gitApps
2025-10-27 21:43:59,293 - INFO - Normalized path: C:\Users\danny\Desktop\gitApps
2025-10-27 21:43:59,294 - INFO - Adding favorite: C:\Users\danny\Desktop\gitApps
2025-10-27 21:43:59,295 - DEBUG - Read favorites.json: 37 chars
2025-10-27 21:43:59,298 - DEBUG - Created backup: C:\Users\danny\Desktop\MyApps\File-Explorer\app-code\data\favorites.json.bak
2025-10-27 21:43:59,301 - INFO - ✅ Wrote favorites.json: 84 bytes
2025-10-27 21:43:59,302 - INFO - ✅ Added favorite: C:\Users\danny\Desktop\gitApps
2025-10-27 21:43:59,303 - INFO - Loading favorites from DataManager
2025-10-27 21:43:59,308 - DEBUG - Read favorites.json: 75 chars
2025-10-27 21:43:59,309 - INFO - Loaded 2 favorites: ['C:\\Users\\danny\\Desktop\\MyApps', 'C:\\Users\\danny\\Desktop\\gitApps']
2025-10-27 21:43:59,310 - INFO - === Updating favorites list UI ===
2025-10-27 21:43:59,310 - INFO - Current favorites: ['C:\\Users\\danny\\Desktop\\MyApps', 'C:\\Users\\danny\\Desktop\\gitApps']
2025-10-27 21:43:59,311 - INFO - After validation: 2 favorites
2025-10-27 21:43:59,312 - INFO - Sorted favorites: ['C:\\Users\\danny\\Desktop\\gitApps', 'C:\\Users\\danny\\Desktop\\MyApps']
2025-10-27 21:43:59,323 - INFO - Favorites UI updated with 2 items
2025-10-27 21:43:59,323 - INFO - ⭐ Added to favorites: gitApps
2025-10-27 21:45:17,167 - INFO - DataManager initialized with data directory: C:\Users\danny\Desktop\MyApps\File-Explorer\app-code\data
2025-10-27 21:45:17,168 - DEBUG - Data file exists: C:\Users\danny\Desktop\MyApps\File-Explorer\app-code\data\favorites.json
2025-10-27 21:45:17,169 - DEBUG - Data file exists: C:\Users\danny\Desktop\MyApps\File-Explorer\app-code\data\settings.json
2025-10-27 21:45:17,170 - DEBUG - Data file exists: C:\Users\danny\Desktop\MyApps\File-Explorer\app-code\data\history.json
2025-10-27 21:45:17,171 - DEBUG - Data file exists: C:\Users\danny\Desktop\MyApps\File-Explorer\app-code\data\bookmarks.json
2025-10-27 21:45:17,172 - DEBUG - Data file exists: C:\Users\danny\Desktop\MyApps\File-Explorer\app-code\data\recent_files.json
2025-10-27 21:45:17,173 - INFO - Loading favorites from DataManager
2025-10-27 21:45:17,175 - DEBUG - Read favorites.json: 75 chars
2025-10-27 21:45:17,176 - INFO - Loaded 2 favorites: ['C:\\Users\\danny\\Desktop\\MyApps', 'C:\\Users\\danny\\Desktop\\gitApps']
2025-10-27 21:45:17,214 - INFO - === Updating favorites list UI ===
2025-10-27 21:45:17,215 - INFO - Current favorites: ['C:\\Users\\danny\\Desktop\\MyApps', 'C:\\Users\\danny\\Desktop\\gitApps']
2025-10-27 21:45:17,215 - INFO - After validation: 2 favorites
2025-10-27 21:45:17,216 - INFO - Sorted favorites: ['C:\\Users\\danny\\Desktop\\gitApps', 'C:\\Users\\danny\\Desktop\\MyApps']
2025-10-27 21:45:17,227 - INFO - Favorites UI updated with 2 items
2025-10-27 21:45:18,991 - DEBUG - Read history.json: 2236 chars
2025-10-27 21:45:19,000 - DEBUG - Created backup: C:\Users\danny\Desktop\MyApps\File-Explorer\app-code\data\history.json.bak
2025-10-27 21:45:19,009 - INFO - ✅ Wrote history.json: 2816 bytes
2025-10-27 21:45:19,010 - DEBUG - Navigated to: C:\Users\danny
